#
# A fatal error has been detected by the Java Runtime Environment:
#
#  SIGSEGV (0xb) at pc=0x00007f823ac59e2f, pid=7136, tid=140197321144064
#
# JRE version: Java(TM) SE Runtime Environment (8.0_25-b17) (build 1.8.0_25-b17)
# Java VM: Java HotSpot(TM) 64-Bit Server VM (25.25-b02 mixed mode linux-amd64 compressed oops)
# Problematic frame:
# C  [libjavafx_font_pango.so+0x2e2f]  Java_com_sun_javafx_font_freetype_OSPango_pango_1shape+0x20f
#
# Failed to write core dump. Core dumps have been disabled. To enable core dumping, try "ulimit -c unlimited" before starting Java again
#
# If you would like to submit a bug report, please visit:
#   http://bugreport.sun.com/bugreport/crash.jsp
# The crash happened outside the Java Virtual Machine in native code.
# See problematic frame for where to report the bug.
#

---------------  T H R E A D  ---------------

Current thread (0x00007f8290360000):  JavaThread "JavaFX Application Thread" [_thread_in_native, id=7153, stack(0x00007f823b767000,0x00007f823b868000)]

siginfo: si_signo: 11 (SIGSEGV), si_code: 2 (SEGV_ACCERR), si_addr: 0x00007f823b666000

Registers:
RAX=0x000000000000c08d, RBX=0x000000000000bfe1, RCX=0x0000000000000001, RDX=0x000000000000c08d
RSP=0x00007f823b636080, RBP=0x00007f823b864290, RSI=0x00007f823b636080, RDI=0x00007f822c3cb004
R8 =0x00007f827924c7c0, R9 =0x0000000000000000, R10=0x00007f82903601e8, R11=0x00007f82792092b0
R12=0x000000000002ff80, R13=0x00007f8234002380, R14=0x00007f823b6f00f0, R15=0x000000000002e817
RIP=0x00007f823ac59e2f, EFLAGS=0x0000000000010206, CSGSFS=0x0000000000000033, ERR=0x0000000000000006
  TRAPNO=0x000000000000000e

Top of Stack: (sp=0x00007f823b636080)
0x00007f823b636080:   0000000100000000 0000000300000002
0x00007f823b636090:   0000000500000004 0000000700000006
0x00007f823b6360a0:   0000000900000008 0000000b0000000a
0x00007f823b6360b0:   0000000d0000000c 0000000f0000000e
0x00007f823b6360c0:   0000001100000010 0000001300000012
0x00007f823b6360d0:   0000001500000014 0000001700000016
0x00007f823b6360e0:   0000001900000018 0000001b0000001a
0x00007f823b6360f0:   0000001d0000001c 0000001f0000001e
0x00007f823b636100:   0000002100000020 0000002300000022
0x00007f823b636110:   0000002500000024 0000002700000026
0x00007f823b636120:   0000002900000028 0000002b0000002a
0x00007f823b636130:   0000002d0000002c 0000002f0000002e
0x00007f823b636140:   0000003100000030 0000003300000032
0x00007f823b636150:   0000003500000034 0000003700000036
0x00007f823b636160:   0000003900000038 0000003b0000003a
0x00007f823b636170:   0000003d0000003c 0000003f0000003e
0x00007f823b636180:   0000004100000040 0000004300000042
0x00007f823b636190:   0000004500000044 0000004700000046
0x00007f823b6361a0:   0000004900000048 0000004b0000004a
0x00007f823b6361b0:   0000004d0000004c 0000004f0000004e
0x00007f823b6361c0:   0000005100000050 0000005300000052
0x00007f823b6361d0:   0000005500000054 0000005700000056
0x00007f823b6361e0:   0000005900000058 0000005b0000005a
0x00007f823b6361f0:   0000005d0000005c 0000005f0000005e
0x00007f823b636200:   0000006100000060 0000006300000062
0x00007f823b636210:   0000006500000064 0000006700000066
0x00007f823b636220:   0000006900000068 0000006b0000006a
0x00007f823b636230:   0000006d0000006c 0000006f0000006e
0x00007f823b636240:   0000007100000070 0000007300000072
0x00007f823b636250:   0000007500000074 0000007700000076
0x00007f823b636260:   0000007900000078 0000007b0000007a
0x00007f823b636270:   0000007d0000007c 0000007f0000007e 

Instructions: (pc=0x00007f823ac59e2f)
0x00007f823ac59e0f:   ff ff 48 89 8d 50 ff ff ff 4c 89 85 40 ff ff ff
0x00007f823ac59e1f:   4c 89 95 48 ff ff ff e8 75 f3 ff ff 48 8b 75 88
0x00007f823ac59e2f:   42 89 04 26 48 8b 8d 50 ff ff ff 49 83 c4 04 4c
0x00007f823ac59e3f:   8b 95 48 ff ff ff 4c 8b 85 40 ff ff ff 48 8b 95 

Register to memory mapping:

RAX=0x000000000000c08d is an unknown value
RBX=0x000000000000bfe1 is an unknown value
RCX=0x0000000000000001 is an unknown value
RDX=0x000000000000c08d is an unknown value
RSP=0x00007f823b636080 is pointing into metadata
RBP=0x00007f823b864290 is pointing into the stack for thread: 0x00007f8290360000
RSI=0x00007f823b636080 is pointing into metadata
RDI=0x00007f822c3cb004 is an unknown value
R8 =0x00007f827924c7c0: <offset 0xb97c0> in /lib/x86_64-linux-gnu/libglib-2.0.so.0 at 0x00007f8279193000
R9 =0x0000000000000000 is an unknown value
R10=0x00007f82903601e8 is an unknown value
R11=0x00007f82792092b0: g_utf8_pointer_to_offset+0 in /lib/x86_64-linux-gnu/libglib-2.0.so.0 at 0x00007f8279193000
R12=0x000000000002ff80 is an unknown value
R13=0x00007f8234002380 is an unknown value
R14=0x00007f823b6f00f0 is pointing into the stack for thread: 0x00007f8290363800
R15=0x000000000002e817 is an unknown value


Stack: [0x00007f823b767000,0x00007f823b868000],  sp=0x00007f823b636080,  free space=18014398509480764k
Native frames: (J=compiled Java code, j=interpreted, Vv=VM code, C=native code)
C  [libjavafx_font_pango.so+0x2e2f]  Java_com_sun_javafx_font_freetype_OSPango_pango_1shape+0x20f
j  com.sun.javafx.font.freetype.OSPango.pango_shape(JJ)Lcom/sun/javafx/font/freetype/PangoGlyphString;+0
j  com.sun.javafx.font.freetype.PangoGlyphLayout.layout(Lcom/sun/javafx/text/TextRun;Lcom/sun/javafx/font/PGFont;Lcom/sun/javafx/font/FontStrike;[C)V+446
j  com.sun.javafx.text.PrismTextLayout.shape(Lcom/sun/javafx/text/TextRun;[CLcom/sun/javafx/text/GlyphLayout;)V+326
j  com.sun.javafx.text.PrismTextLayout.layout()V+225
j  com.sun.javafx.text.PrismTextLayout.ensureLayout()V+8
j  com.sun.javafx.text.PrismTextLayout.getBounds()Lcom/sun/javafx/geom/BaseBounds;+1
j  com.sun.javafx.scene.control.skin.Utils.computeTextWidth(Ljavafx/scene/text/Font;Ljava/lang/String;D)D+37
j  com.sun.javafx.scene.control.skin.TextAreaSkin$ContentView.computePrefWidth(D)D+72
j  com.sun.javafx.scene.control.skin.TextAreaSkin$ContentView.computeMinWidth(D)D+37
j  javafx.scene.Parent.minWidth(D)D+24
j  javafx.scene.layout.Region.minWidth(D)D+15
j  com.sun.javafx.scene.control.skin.ScrollPaneSkin.computeScrollNodeSize(DD)V+188
j  com.sun.javafx.scene.control.skin.ScrollPaneSkin.layoutChildren(DDDD)V+135
j  javafx.scene.control.Control.layoutChildren()V+61
j  javafx.scene.Parent.layout()V+55
j  javafx.scene.Parent.layout()V+100
j  javafx.scene.Parent.layout()V+100
j  javafx.scene.Parent.layout()V+100
j  javafx.scene.Scene.doLayoutPass()V+10
j  javafx.scene.Scene$ScenePulseListener.pulse()V+69
j  com.sun.javafx.tk.Toolkit.lambda$runPulse$28(Lcom/sun/javafx/tk/TKPulseListener;)Ljava/lang/Void;+1
j  com.sun.javafx.tk.Toolkit$$Lambda$158.run()Ljava/lang/Object;+4
v  ~StubRoutines::call_stub
V  [libjvm.so+0x664086]  JavaCalls::call_helper(JavaValue*, methodHandle*, JavaCallArguments*, Thread*)+0x1056
V  [libjvm.so+0x6f8fec]  JVM_DoPrivileged+0x27c
J 1579  java.security.AccessController.doPrivileged(Ljava/security/PrivilegedAction;Ljava/security/AccessControlContext;)Ljava/lang/Object; (0 bytes) @ 0x00007f8281503d55 [0x00007f8281503c80+0xd5]
j  com.sun.javafx.tk.Toolkit.runPulse(Lcom/sun/javafx/tk/TKPulseListener;Ljava/security/AccessControlContext;)V+21
j  com.sun.javafx.tk.Toolkit.firePulse()V+191
j  com.sun.javafx.tk.quantum.QuantumToolkit.pulse(Z)V+87
j  com.sun.javafx.tk.quantum.QuantumToolkit.pulse()V+2
j  com.sun.javafx.tk.quantum.QuantumToolkit.lambda$runToolkit$363()V+1
j  com.sun.javafx.tk.quantum.QuantumToolkit$$Lambda$46.run()V+4
j  com.sun.glass.ui.InvokeLaterDispatcher$Future.run()V+4
v  ~StubRoutines::call_stub
V  [libjvm.so+0x664086]  JavaCalls::call_helper(JavaValue*, methodHandle*, JavaCallArguments*, Thread*)+0x1056
V  [libjvm.so+0x6aa05b]  jni_invoke_nonstatic(JNIEnv_*, JavaValue*, _jobject*, JNICallType, _jmethodID*, JNI_ArgumentPusher*, Thread*)+0x41b
V  [libjvm.so+0x6ba06f]  jni_CallVoidMethodV+0x10f
C  [libglass.so+0x145e8]  JNIEnv_::CallVoidMethod(_jobject*, _jmethodID*, ...)+0x98
C  [libglass.so+0x24924]  call_runnable(void*)+0x34
C  [libgdk-x11-2.0.so.0+0x1dce7]

Java frames: (J=compiled Java code, j=interpreted, Vv=VM code)
j  com.sun.javafx.font.freetype.OSPango.pango_shape(JJ)Lcom/sun/javafx/font/freetype/PangoGlyphString;+0
j  com.sun.javafx.font.freetype.PangoGlyphLayout.layout(Lcom/sun/javafx/text/TextRun;Lcom/sun/javafx/font/PGFont;Lcom/sun/javafx/font/FontStrike;[C)V+446
j  com.sun.javafx.text.PrismTextLayout.shape(Lcom/sun/javafx/text/TextRun;[CLcom/sun/javafx/text/GlyphLayout;)V+326
j  com.sun.javafx.text.PrismTextLayout.layout()V+225
j  com.sun.javafx.text.PrismTextLayout.ensureLayout()V+8
j  com.sun.javafx.text.PrismTextLayout.getBounds()Lcom/sun/javafx/geom/BaseBounds;+1
j  com.sun.javafx.scene.control.skin.Utils.computeTextWidth(Ljavafx/scene/text/Font;Ljava/lang/String;D)D+37
j  com.sun.javafx.scene.control.skin.TextAreaSkin$ContentView.computePrefWidth(D)D+72
j  com.sun.javafx.scene.control.skin.TextAreaSkin$ContentView.computeMinWidth(D)D+37
j  javafx.scene.Parent.minWidth(D)D+24
j  javafx.scene.layout.Region.minWidth(D)D+15
j  com.sun.javafx.scene.control.skin.ScrollPaneSkin.computeScrollNodeSize(DD)V+188
j  com.sun.javafx.scene.control.skin.ScrollPaneSkin.layoutChildren(DDDD)V+135
j  javafx.scene.control.Control.layoutChildren()V+61
j  javafx.scene.Parent.layout()V+55
j  javafx.scene.Parent.layout()V+100
j  javafx.scene.Parent.layout()V+100
j  javafx.scene.Parent.layout()V+100
j  javafx.scene.Scene.doLayoutPass()V+10
j  javafx.scene.Scene$ScenePulseListener.pulse()V+69
j  com.sun.javafx.tk.Toolkit.lambda$runPulse$28(Lcom/sun/javafx/tk/TKPulseListener;)Ljava/lang/Void;+1
j  com.sun.javafx.tk.Toolkit$$Lambda$158.run()Ljava/lang/Object;+4
v  ~StubRoutines::call_stub
J 1579  java.security.AccessController.doPrivileged(Ljava/security/PrivilegedAction;Ljava/security/AccessControlContext;)Ljava/lang/Object; (0 bytes) @ 0x00007f8281503ce3 [0x00007f8281503c80+0x63]
j  com.sun.javafx.tk.Toolkit.runPulse(Lcom/sun/javafx/tk/TKPulseListener;Ljava/security/AccessControlContext;)V+21
j  com.sun.javafx.tk.Toolkit.firePulse()V+191
j  com.sun.javafx.tk.quantum.QuantumToolkit.pulse(Z)V+87
j  com.sun.javafx.tk.quantum.QuantumToolkit.pulse()V+2
j  com.sun.javafx.tk.quantum.QuantumToolkit.lambda$runToolkit$363()V+1
j  com.sun.javafx.tk.quantum.QuantumToolkit$$Lambda$46.run()V+4
j  com.sun.glass.ui.InvokeLaterDispatcher$Future.run()V+4
v  ~StubRoutines::call_stub
j  com.sun.glass.ui.gtk.GtkApplication._runLoop(Ljava/lang/Runnable;Z)V+0
j  com.sun.glass.ui.gtk.GtkApplication.lambda$null$45(Ljava/lang/Runnable;Z)V+7
j  com.sun.glass.ui.gtk.GtkApplication$$Lambda$42.run()V+12
j  java.lang.Thread.run()V+11
v  ~StubRoutines::call_stub

---------------  P R O C E S S  ---------------

Java Threads: ( => current thread )
  0x00007f822c36b800 JavaThread "Prism Font Disposer" daemon [_thread_blocked, id=7155, stack(0x00007f823aa4b000,0x00007f823ab4c000)]
  0x00007f8290363800 JavaThread "JavaFX-Launcher" [_thread_blocked, id=7154, stack(0x00007f823b666000,0x00007f823b767000)]
=>0x00007f8290360000 JavaThread "JavaFX Application Thread" [_thread_in_native, id=7153, stack(0x00007f823b767000,0x00007f823b868000)]
  0x00007f8290335800 JavaThread "Thread-1" daemon [_thread_blocked, id=7152, stack(0x00007f823b868000,0x00007f823b969000)]
  0x00007f82902da000 JavaThread "QuantumRenderer-0" daemon [_thread_blocked, id=7151, stack(0x00007f827bbfc000,0x00007f827bcfd000)]
  0x00007f8290190000 JavaThread "Service Thread" daemon [_thread_blocked, id=7149, stack(0x00007f827bdfe000,0x00007f827beff000)]
  0x00007f8290178000 JavaThread "C1 CompilerThread2" daemon [_thread_blocked, id=7148, stack(0x00007f827beff000,0x00007f827c000000)]
  0x00007f8290176000 JavaThread "C2 CompilerThread1" daemon [_thread_blocked, id=7147, stack(0x00007f82800f6000,0x00007f82801f7000)]
  0x00007f8290173800 JavaThread "C2 CompilerThread0" daemon [_thread_blocked, id=7146, stack(0x00007f82801f7000,0x00007f82802f8000)]
  0x00007f8290171000 JavaThread "Signal Dispatcher" daemon [_thread_blocked, id=7145, stack(0x00007f82802f8000,0x00007f82803f9000)]
  0x00007f8290143000 JavaThread "Finalizer" daemon [_thread_blocked, id=7144, stack(0x00007f82807f8000,0x00007f82808f9000)]
  0x00007f8290141000 JavaThread "Reference Handler" daemon [_thread_blocked, id=7143, stack(0x00007f82808f9000,0x00007f82809fa000)]
  0x00007f8290009800 JavaThread "main" [_thread_blocked, id=7137, stack(0x00007f8299008000,0x00007f8299109000)]

Other Threads:
  0x00007f829013a000 VMThread [stack: 0x00007f82809fa000,0x00007f8280afb000] [id=7142]
  0x00007f8290192000 WatcherThread [stack: 0x00007f827bcfd000,0x00007f827bdfe000] [id=7150]

VM state:not at safepoint (normal execution)

VM Mutex/Monitor currently owned by a thread: None

Heap:
 PSYoungGen      total 17920K, used 10779K [0x00000000ec000000, 0x00000000ed400000, 0x0000000100000000)
  eden space 15360K, 53% used [0x00000000ec000000,0x00000000ec806fc8,0x00000000ecf00000)
  from space 2560K, 99% used [0x00000000ecf00000,0x00000000ed17fce0,0x00000000ed180000)
  to   space 2560K, 0% used [0x00000000ed180000,0x00000000ed180000,0x00000000ed400000)
 ParOldGen       total 40960K, used 4857K [0x00000000c4000000, 0x00000000c6800000, 0x00000000ec000000)
  object space 40960K, 11% used [0x00000000c4000000,0x00000000c44be7a8,0x00000000c6800000)
 Metaspace       used 15881K, capacity 16554K, committed 16896K, reserved 1062912K
  class space    used 2288K, capacity 2450K, committed 2560K, reserved 1048576K

Card table byte_map: [0x00007f8295c43000,0x00007f8295e24000] byte_map_base: 0x00007f8295623000

Marking Bits: (ParMarkBitMap*) 0x00007f82984de2c0
 Begin Bits: [0x00007f826a200000, 0x00007f826b100000)
 End Bits:   [0x00007f826b100000, 0x00007f826c000000)

Polling page: 0x00007f8299125000

CodeCache: size=245760Kb used=5446Kb max_used=5457Kb free=240313Kb
 bounds [0x00007f8281000000, 0x00007f8281560000, 0x00007f8290000000]
 total_blobs=2293 nmethods=1657 adapters=550
 compilation: enabled

Compilation events (10 events):
Event: 4.567 Thread 0x00007f8290173800 nmethod 1654 0x00007f8281540450 code [0x00007f8281540580, 0x00007f8281540678]
Event: 4.568 Thread 0x00007f8290176000 nmethod 1653 0x00007f8281545910 code [0x00007f8281545b40, 0x00007f8281545c98]
Event: 4.575 Thread 0x00007f8290178000 1656 %     3       com.sun.javafx.text.GlyphLayout::breakRuns @ 274 (955 bytes)
Event: 4.581 Thread 0x00007f8290178000 nmethod 1656% 0x00007f8281546cd0 code [0x00007f82815471a0, 0x00007f828154b0f8]
Event: 4.581 Thread 0x00007f8290178000 1657       3       com.sun.javafx.text.GlyphLayout::breakRuns (955 bytes)
Event: 4.585 Thread 0x00007f8290178000 nmethod 1657 0x00007f828154d9d0 code [0x00007f828154dea0, 0x00007f82815518b8]
Event: 4.585 Thread 0x00007f8290173800 1658 %     4       com.sun.javafx.text.GlyphLayout::breakRuns @ 274 (955 bytes)
Event: 4.594 Thread 0x00007f8290178000 1659  s    3       java.util.Vector::elementAt (48 bytes)
Event: 4.594 Thread 0x00007f8290178000 nmethod 1659 0x00007f8281543c50 code [0x00007f8281543e60, 0x00007f82815449c8]
Event: 4.631 Thread 0x00007f8290173800 nmethod 1658% 0x00007f8281556590 code [0x00007f8281556960, 0x00007f8281558798]

GC Heap History (6 events):
Event: 0.630 GC heap before
{Heap before GC invocations=1 (full 0):
 PSYoungGen      total 17920K, used 15360K [0x00000000ec000000, 0x00000000ed400000, 0x0000000100000000)
  eden space 15360K, 100% used [0x00000000ec000000,0x00000000ecf00000,0x00000000ecf00000)
  from space 2560K, 0% used [0x00000000ed180000,0x00000000ed180000,0x00000000ed400000)
  to   space 2560K, 0% used [0x00000000ecf00000,0x00000000ecf00000,0x00000000ed180000)
 ParOldGen       total 40960K, used 0K [0x00000000c4000000, 0x00000000c6800000, 0x00000000ec000000)
  object space 40960K, 0% used [0x00000000c4000000,0x00000000c4000000,0x00000000c6800000)
 Metaspace       used 7600K, capacity 7812K, committed 7936K, reserved 1056768K
  class space    used 904K, capacity 972K, committed 1024K, reserved 1048576K
Event: 0.635 GC heap after
Heap after GC invocations=1 (full 0):
 PSYoungGen      total 17920K, used 2552K [0x00000000ec000000, 0x00000000ed400000, 0x0000000100000000)
  eden space 15360K, 0% used [0x00000000ec000000,0x00000000ec000000,0x00000000ecf00000)
  from space 2560K, 99% used [0x00000000ecf00000,0x00000000ed17e3c8,0x00000000ed180000)
  to   space 2560K, 0% used [0x00000000ed180000,0x00000000ed180000,0x00000000ed400000)
 ParOldGen       total 40960K, used 296K [0x00000000c4000000, 0x00000000c6800000, 0x00000000ec000000)
  object space 40960K, 0% used [0x00000000c4000000,0x00000000c404a000,0x00000000c6800000)
 Metaspace       used 7600K, capacity 7812K, committed 7936K, reserved 1056768K
  class space    used 904K, capacity 972K, committed 1024K, reserved 1048576K
}
Event: 1.432 GC heap before
{Heap before GC invocations=2 (full 0):
 PSYoungGen      total 17920K, used 17912K [0x00000000ec000000, 0x00000000ed400000, 0x0000000100000000)
  eden space 15360K, 100% used [0x00000000ec000000,0x00000000ecf00000,0x00000000ecf00000)
  from space 2560K, 99% used [0x00000000ecf00000,0x00000000ed17e3c8,0x00000000ed180000)
  to   space 2560K, 0% used [0x00000000ed180000,0x00000000ed180000,0x00000000ed400000)
 ParOldGen       total 40960K, used 296K [0x00000000c4000000, 0x00000000c6800000, 0x00000000ec000000)
  object space 40960K, 0% used [0x00000000c4000000,0x00000000c404a000,0x00000000c6800000)
 Metaspace       used 10734K, capacity 11012K, committed 11392K, reserved 1058816K
  class space    used 1446K, capacity 1543K, committed 1664K, reserved 1048576K
Event: 1.439 GC heap after
Heap after GC invocations=2 (full 0):
 PSYoungGen      total 17920K, used 2559K [0x00000000ec000000, 0x00000000ed400000, 0x0000000100000000)
  eden space 15360K, 0% used [0x00000000ec000000,0x00000000ec000000,0x00000000ecf00000)
  from space 2560K, 99% used [0x00000000ed180000,0x00000000ed3ffce0,0x00000000ed400000)
  to   space 2560K, 0% used [0x00000000ecf00000,0x00000000ecf00000,0x00000000ed180000)
 ParOldGen       total 40960K, used 2364K [0x00000000c4000000, 0x00000000c6800000, 0x00000000ec000000)
  object space 40960K, 5% used [0x00000000c4000000,0x00000000c424f368,0x00000000c6800000)
 Metaspace       used 10734K, capacity 11012K, committed 11392K, reserved 1058816K
  class space    used 1446K, capacity 1543K, committed 1664K, reserved 1048576K
}
Event: 4.487 GC heap before
{Heap before GC invocations=3 (full 0):
 PSYoungGen      total 17920K, used 17851K [0x00000000ec000000, 0x00000000ed400000, 0x0000000100000000)
  eden space 15360K, 99% used [0x00000000ec000000,0x00000000eceef158,0x00000000ecf00000)
  from space 2560K, 99% used [0x00000000ed180000,0x00000000ed3ffce0,0x00000000ed400000)
  to   space 2560K, 0% used [0x00000000ecf00000,0x00000000ecf00000,0x00000000ed180000)
 ParOldGen       total 40960K, used 2364K [0x00000000c4000000, 0x00000000c6800000, 0x00000000ec000000)
  object space 40960K, 5% used [0x00000000c4000000,0x00000000c424f368,0x00000000c6800000)
 Metaspace       used 15826K, capacity 16458K, committed 16512K, reserved 1062912K
  class space    used 2285K, capacity 2418K, committed 2432K, reserved 1048576K
Event: 4.493 GC heap after
Heap after GC invocations=3 (full 0):
 PSYoungGen      total 17920K, used 2559K [0x00000000ec000000, 0x00000000ed400000, 0x0000000100000000)
  eden space 15360K, 0% used [0x00000000ec000000,0x00000000ec000000,0x00000000ecf00000)
  from space 2560K, 99% used [0x00000000ecf00000,0x00000000ed17fce0,0x00000000ed180000)
  to   space 2560K, 0% used [0x00000000ed180000,0x00000000ed180000,0x00000000ed400000)
 ParOldGen       total 40960K, used 4857K [0x00000000c4000000, 0x00000000c6800000, 0x00000000ec000000)
  object space 40960K, 11% used [0x00000000c4000000,0x00000000c44be7a8,0x00000000c6800000)
 Metaspace       used 15826K, capacity 16458K, committed 16512K, reserved 1062912K
  class space    used 2285K, capacity 2418K, committed 2432K, reserved 1048576K
}

Deoptimization events (10 events):
Event: 1.534 Thread 0x00007f8290360000 Uncommon trap: reason=class_check action=maybe_recompile pc=0x00007f8281122578 method=java.lang.String.equals(Ljava/lang/Object;)Z @ 8
Event: 1.534 Thread 0x00007f8290360000 Uncommon trap: reason=class_check action=maybe_recompile pc=0x00007f8281122578 method=java.lang.String.equals(Ljava/lang/Object;)Z @ 8
Event: 1.534 Thread 0x00007f8290360000 Uncommon trap: reason=class_check action=maybe_recompile pc=0x00007f8281122578 method=java.lang.String.equals(Ljava/lang/Object;)Z @ 8
Event: 1.536 Thread 0x00007f8290360000 Uncommon trap: reason=class_check action=maybe_recompile pc=0x00007f8281122578 method=java.lang.String.equals(Ljava/lang/Object;)Z @ 8
Event: 1.627 Thread 0x00007f8290360000 Uncommon trap: reason=predicate action=maybe_recompile pc=0x00007f8281271d90 method=java.util.regex.Pattern$Start.match(Ljava/util/regex/Matcher;ILjava/lang/CharSequence;)Z @ 37
Event: 1.795 Thread 0x00007f82902da000 Uncommon trap: reason=class_check action=maybe_recompile pc=0x00007f8281272a6c method=java.lang.AbstractStringBuilder.append(Ljava/lang/CharSequence;)Ljava/lang/AbstractStringBuilder; @ 37
Event: 1.795 Thread 0x00007f82902da000 Uncommon trap: reason=class_check action=maybe_recompile pc=0x00007f8281272a6c method=java.lang.AbstractStringBuilder.append(Ljava/lang/CharSequence;)Ljava/lang/AbstractStringBuilder; @ 37
Event: 1.795 Thread 0x00007f82902da000 Uncommon trap: reason=class_check action=maybe_recompile pc=0x00007f8281272a6c method=java.lang.AbstractStringBuilder.append(Ljava/lang/CharSequence;)Ljava/lang/AbstractStringBuilder; @ 37
Event: 1.804 Thread 0x00007f82902da000 Uncommon trap: reason=class_check action=maybe_recompile pc=0x00007f8281272a6c method=java.lang.AbstractStringBuilder.append(Ljava/lang/CharSequence;)Ljava/lang/AbstractStringBuilder; @ 37
Event: 4.558 Thread 0x00007f8290360000 Uncommon trap: reason=unloaded action=reinterpret pc=0x00007f8281257558 method=java.lang.CharacterData.of(I)Ljava/lang/CharacterData; @ 96

Internal exceptions (10 events):
Event: 1.498 Thread 0x00007f8290360000 Exception <a 'java/security/PrivilegedActionException'> (0x00000000ec2c8308) thrown at [/HUDSON/workspace/8-2-build-linux-amd64/jdk8u25/1514/hotspot/src/share/vm/prims/jvm.cpp, line 1312]
Event: 1.499 Thread 0x00007f8290360000 Exception <a 'java/security/PrivilegedActionException'> (0x00000000ec2dc6e0) thrown at [/HUDSON/workspace/8-2-build-linux-amd64/jdk8u25/1514/hotspot/src/share/vm/prims/jvm.cpp, line 1312]
Event: 1.499 Thread 0x00007f8290360000 Exception <a 'java/security/PrivilegedActionException'> (0x00000000ec2fa468) thrown at [/HUDSON/workspace/8-2-build-linux-amd64/jdk8u25/1514/hotspot/src/share/vm/prims/jvm.cpp, line 1312]
Event: 1.642 Thread 0x00007f8290360000 Exception <a 'java/security/PrivilegedActionException'> (0x00000000ec6d5988) thrown at [/HUDSON/workspace/8-2-build-linux-amd64/jdk8u25/1514/hotspot/src/share/vm/prims/jvm.cpp, line 1312]
Event: 1.643 Thread 0x00007f8290360000 Exception <a 'java/security/PrivilegedActionException'> (0x00000000ec6ea9a0) thrown at [/HUDSON/workspace/8-2-build-linux-amd64/jdk8u25/1514/hotspot/src/share/vm/prims/jvm.cpp, line 1312]
Event: 1.644 Thread 0x00007f8290360000 Exception <a 'java/security/PrivilegedActionException'> (0x00000000ec7033b0) thrown at [/HUDSON/workspace/8-2-build-linux-amd64/jdk8u25/1514/hotspot/src/share/vm/prims/jvm.cpp, line 1312]
Event: 3.475 Thread 0x00007f8290360000 Exception <a 'java/security/PrivilegedActionException'> (0x00000000ecc3c1c8) thrown at [/HUDSON/workspace/8-2-build-linux-amd64/jdk8u25/1514/hotspot/src/share/vm/prims/jvm.cpp, line 1312]
Event: 3.476 Thread 0x00007f8290360000 Exception <a 'java/security/PrivilegedActionException'> (0x00000000ecc3cc58) thrown at [/HUDSON/workspace/8-2-build-linux-amd64/jdk8u25/1514/hotspot/src/share/vm/prims/jvm.cpp, line 1312]
Event: 3.476 Thread 0x00007f8290360000 Exception <a 'java/security/PrivilegedActionException'> (0x00000000ecc3e848) thrown at [/HUDSON/workspace/8-2-build-linux-amd64/jdk8u25/1514/hotspot/src/share/vm/prims/jvm.cpp, line 1312]
Event: 3.476 Thread 0x00007f8290360000 Exception <a 'java/security/PrivilegedActionException'> (0x00000000ecc3f178) thrown at [/HUDSON/workspace/8-2-build-linux-amd64/jdk8u25/1514/hotspot/src/share/vm/prims/jvm.cpp, line 1312]

Events (10 events):
Event: 4.519 loading class com/sun/javafx/scene/control/behavior/TextInputControlBehavior$Change done
Event: 4.558 Thread 0x00007f8290360000 Uncommon trap: trap_request=0x00000033 fr.pc=0x00007f8281257558
Event: 4.558 loading class java/lang/CharacterData00
Event: 4.558 loading class java/lang/CharacterData00 done
Event: 4.558 Executing VM operation: Deoptimize
Event: 4.559 Executing VM operation: Deoptimize done
Event: 4.559 Thread 0x00007f8290360000 DEOPT PACKING pc=0x00007f8281257558 sp=0x00007f823b864380
Event: 4.559 Thread 0x00007f8290360000 DEOPT UNPACKING pc=0x00007f8281004f69 sp=0x00007f823b864340 mode 2
Event: 4.627 loading class com/sun/javafx/font/freetype/PangoGlyphString
Event: 4.627 loading class com/sun/javafx/font/freetype/PangoGlyphString done


Dynamic libraries:
00400000-00401000 r-xp 00000000 08:08 1192857                            /usr/lib/jvm/java-8-oracle/jre/bin/java
00600000-00601000 rw-p 00000000 08:08 1192857                            /usr/lib/jvm/java-8-oracle/jre/bin/java
00f7b000-00f9c000 rw-p 00000000 00:00 0                                  [heap]
c4000000-c6800000 rw-p 00000000 00:00 0 
c6800000-ec000000 ---p 00000000 00:00 0 
ec000000-ed400000 rw-p 00000000 00:00 0 
ed400000-100000000 ---p 00000000 00:00 0 
100000000-100280000 rw-p 00000000 00:00 0 
100280000-140000000 ---p 00000000 00:00 0 
7f8224000000-7f8224021000 rw-p 00000000 00:00 0 
7f8224021000-7f8228000000 ---p 00000000 00:00 0 
7f822c000000-7f822d95e000 rw-p 00000000 00:00 0 
7f822d95e000-7f8230000000 ---p 00000000 00:00 0 
7f8230000000-7f8230021000 rw-p 00000000 00:00 0 
7f8230021000-7f8234000000 ---p 00000000 00:00 0 
7f8234000000-7f8234021000 rw-p 00000000 00:00 0 
7f8234021000-7f8238000000 ---p 00000000 00:00 0 
7f823a415000-7f823a4cb000 r--p 00000000 08:08 1576139                    /usr/share/fonts/truetype/dejavu/DejaVuSans.ttf
7f823a4cb000-7f823a51b000 rw-s 00000000 00:04 383208                     /drm mm object (deleted)
7f823a51b000-7f823a57b000 rw-s 10528e000 00:05 1252                      /dev/dri/card0
7f823a57b000-7f823a5cb000 rw-s 00000000 00:04 382210                     /drm mm object (deleted)
7f823a5cb000-7f823a78b000 rw-s 00000000 00:04 382202                     /drm mm object (deleted)
7f823a78b000-7f823a7eb000 rw-s 10522e000 00:05 1252                      /dev/dri/card0
7f823a7eb000-7f823a84b000 rw-s 104d80000 00:05 1252                      /dev/dri/card0
7f823a84b000-7f823aa4b000 rw-p 00000000 00:00 0 
7f823aa4b000-7f823aa4e000 ---p 00000000 00:00 0 
7f823aa4e000-7f823ab4c000 rw-p 00000000 00:00 0                          [stack:7155]
7f823ab4c000-7f823ac02000 r--p 00000000 08:08 1576139                    /usr/share/fonts/truetype/dejavu/DejaVuSans.ttf
7f823ac02000-7f823ac57000 r--p 00000000 08:08 1192985                    /usr/lib/jvm/java-8-oracle/jre/lib/fonts/LucidaBrightRegular.ttf
7f823ac57000-7f823ac5b000 r-xp 00000000 08:08 1328341                    /usr/lib/jvm/java-8-oracle/jre/lib/amd64/libjavafx_font_pango.so
7f823ac5b000-7f823ae5a000 ---p 00004000 08:08 1328341                    /usr/lib/jvm/java-8-oracle/jre/lib/amd64/libjavafx_font_pango.so
7f823ae5a000-7f823ae5b000 r--p 00003000 08:08 1328341                    /usr/lib/jvm/java-8-oracle/jre/lib/amd64/libjavafx_font_pango.so
7f823ae5b000-7f823ae5c000 rw-p 00004000 08:08 1328341                    /usr/lib/jvm/java-8-oracle/jre/lib/amd64/libjavafx_font_pango.so
7f823ae5c000-7f823b05c000 rw-p 00000000 00:00 0 
7f823b05c000-7f823b061000 r-xp 00000000 08:08 1329080                    /usr/lib/jvm/java-8-oracle/jre/lib/amd64/libjavafx_font_freetype.so
7f823b061000-7f823b260000 ---p 00005000 08:08 1329080                    /usr/lib/jvm/java-8-oracle/jre/lib/amd64/libjavafx_font_freetype.so
7f823b260000-7f823b261000 r--p 00004000 08:08 1329080                    /usr/lib/jvm/java-8-oracle/jre/lib/amd64/libjavafx_font_freetype.so
7f823b261000-7f823b262000 rw-p 00005000 08:08 1329080                    /usr/lib/jvm/java-8-oracle/jre/lib/amd64/libjavafx_font_freetype.so
7f823b262000-7f823b265000 r-xp 00000000 08:08 1328347                    /usr/lib/jvm/java-8-oracle/jre/lib/amd64/libjavafx_font.so
7f823b265000-7f823b464000 ---p 00003000 08:08 1328347                    /usr/lib/jvm/java-8-oracle/jre/lib/amd64/libjavafx_font.so
7f823b464000-7f823b465000 r--p 00002000 08:08 1328347                    /usr/lib/jvm/java-8-oracle/jre/lib/amd64/libjavafx_font.so
7f823b465000-7f823b466000 rw-p 00003000 08:08 1328347                    /usr/lib/jvm/java-8-oracle/jre/lib/amd64/libjavafx_font.so
7f823b466000-7f823b666000 rw-p 00000000 00:00 0                          [stack:7153]
7f823b666000-7f823b669000 ---p 00000000 00:00 0 
7f823b669000-7f823b767000 rw-p 00000000 00:00 0                          [stack:7154]
7f823b767000-7f823b76a000 ---p 00000000 00:00 0 
7f823b76a000-7f823b868000 rw-p 00000000 00:00 0 
7f823b868000-7f823b86b000 ---p 00000000 00:00 0 
7f823b86b000-7f823b969000 rw-p 00000000 00:00 0                          [stack:7152]
7f823b969000-7f823b998000 r-xp 00000000 08:08 1184129                    /usr/lib/x86_64-linux-gnu/gtk-2.0/2.10.0/engines/libmurrine.so
7f823b998000-7f823bb98000 ---p 0002f000 08:08 1184129                    /usr/lib/x86_64-linux-gnu/gtk-2.0/2.10.0/engines/libmurrine.so
7f823bb98000-7f823bb99000 r--p 0002f000 08:08 1184129                    /usr/lib/x86_64-linux-gnu/gtk-2.0/2.10.0/engines/libmurrine.so
7f823bb99000-7f823bb9a000 rw-p 00030000 08:08 1184129                    /usr/lib/x86_64-linux-gnu/gtk-2.0/2.10.0/engines/libmurrine.so
7f823bb9a000-7f823bbc4000 r-xp 00000000 08:08 1328327                    /usr/lib/jvm/java-8-oracle/jre/lib/amd64/libglass.so
7f823bbc4000-7f823bdc4000 ---p 0002a000 08:08 1328327                    /usr/lib/jvm/java-8-oracle/jre/lib/amd64/libglass.so
7f823bdc4000-7f823bdc6000 r--p 0002a000 08:08 1328327                    /usr/lib/jvm/java-8-oracle/jre/lib/amd64/libglass.so
7f823bdc6000-7f823bdc7000 rw-p 0002c000 08:08 1328327                    /usr/lib/jvm/java-8-oracle/jre/lib/amd64/libglass.so
7f823bdc7000-7f823bdc8000 rw-p 00000000 00:00 0 
7f823bdc8000-7f823bdff000 r-xp 00000000 08:08 1059478                    /usr/lib/x86_64-linux-gnu/libtxc_dxtn_s2tc.so.0.0.0
7f823bdff000-7f823bffe000 ---p 00037000 08:08 1059478                    /usr/lib/x86_64-linux-gnu/libtxc_dxtn_s2tc.so.0.0.0
7f823bffe000-7f823bfff000 r--p 00036000 08:08 1059478                    /usr/lib/x86_64-linux-gnu/libtxc_dxtn_s2tc.so.0.0.0
7f823bfff000-7f823c000000 rw-p 00037000 08:08 1059478                    /usr/lib/x86_64-linux-gnu/libtxc_dxtn_s2tc.so.0.0.0
7f823c000000-7f823ded2000 rw-p 00000000 00:00 0 
7f823ded2000-7f8240000000 ---p 00000000 00:00 0 
7f8240002000-7f824000a000 rw-s 00000000 00:04 382230                     /drm mm object (deleted)
7f824000a000-7f8240026000 r--s 00393000 08:08 1328302                    /usr/lib/jvm/java-8-oracle/jre/lib/ext/cldrdata.jar
7f8240026000-7f8240074000 r--p 00000000 08:08 1192984                    /usr/lib/jvm/java-8-oracle/jre/lib/fonts/LucidaSansDemiBold.ttf
7f8240074000-7f82400b0000 r--p 00000000 08:08 1192983                    /usr/lib/jvm/java-8-oracle/jre/lib/fonts/LucidaTypewriterRegular.ttf
7f82400b0000-7f82400b8000 r-xp 00000000 08:08 1059289                    /usr/lib/x86_64-linux-gnu/libpciaccess.so.0.11.1
7f82400b8000-7f82402b7000 ---p 00008000 08:08 1059289                    /usr/lib/x86_64-linux-gnu/libpciaccess.so.0.11.1
7f82402b7000-7f82402b8000 r--p 00007000 08:08 1059289                    /usr/lib/x86_64-linux-gnu/libpciaccess.so.0.11.1
7f82402b8000-7f82402b9000 rw-p 00008000 08:08 1059289                    /usr/lib/x86_64-linux-gnu/libpciaccess.so.0.11.1
7f82402b9000-7f82402c5000 r-xp 00000000 08:08 1058808                    /usr/lib/x86_64-linux-gnu/libdrm_radeon.so.1.0.1
7f82402c5000-7f82404c4000 ---p 0000c000 08:08 1058808                    /usr/lib/x86_64-linux-gnu/libdrm_radeon.so.1.0.1
7f82404c4000-7f82404c5000 r--p 0000b000 08:08 1058808                    /usr/lib/x86_64-linux-gnu/libdrm_radeon.so.1.0.1
7f82404c5000-7f82404c6000 rw-p 0000c000 08:08 1058808                    /usr/lib/x86_64-linux-gnu/libdrm_radeon.so.1.0.1
7f82404c6000-7f82404cb000 r-xp 00000000 08:08 1058806                    /usr/lib/x86_64-linux-gnu/libdrm_nouveau.so.2.0.0
7f82404cb000-7f82406ca000 ---p 00005000 08:08 1058806                    /usr/lib/x86_64-linux-gnu/libdrm_nouveau.so.2.0.0
7f82406ca000-7f82406cb000 r--p 00004000 08:08 1058806                    /usr/lib/x86_64-linux-gnu/libdrm_nouveau.so.2.0.0
7f82406cb000-7f82406cc000 rw-p 00005000 08:08 1058806                    /usr/lib/x86_64-linux-gnu/libdrm_nouveau.so.2.0.0
7f82406cc000-7f82406eb000 r-xp 00000000 08:08 1058804                    /usr/lib/x86_64-linux-gnu/libdrm_intel.so.1.0.0
7f82406eb000-7f82408ea000 ---p 0001f000 08:08 1058804                    /usr/lib/x86_64-linux-gnu/libdrm_intel.so.1.0.0
7f82408ea000-7f82408eb000 r--p 0001e000 08:08 1058804                    /usr/lib/x86_64-linux-gnu/libdrm_intel.so.1.0.0
7f82408eb000-7f82408ec000 rw-p 0001f000 08:08 1058804                    /usr/lib/x86_64-linux-gnu/libdrm_intel.so.1.0.0
7f82408ec000-7f8240ddb000 r-xp 00000000 08:08 1181048                    /usr/lib/x86_64-linux-gnu/dri/i965_dri.so
7f8240ddb000-7f8240fda000 ---p 004ef000 08:08 1181048                    /usr/lib/x86_64-linux-gnu/dri/i965_dri.so
7f8240fda000-7f8240ff1000 r--p 004ee000 08:08 1181048                    /usr/lib/x86_64-linux-gnu/dri/i965_dri.so
7f8240ff1000-7f8240ffd000 rw-p 00505000 08:08 1181048                    /usr/lib/x86_64-linux-gnu/dri/i965_dri.so
7f8240ffd000-7f8241049000 rw-p 00000000 00:00 0 
7f8241049000-7f824108d000 r-xp 00000000 08:08 266310                     /lib/x86_64-linux-gnu/libdbus-1.so.3.7.6
7f824108d000-7f824128c000 ---p 00044000 08:08 266310                     /lib/x86_64-linux-gnu/libdbus-1.so.3.7.6
7f824128c000-7f824128d000 r--p 00043000 08:08 266310                     /lib/x86_64-linux-gnu/libdbus-1.so.3.7.6
7f824128d000-7f824128e000 rw-p 00044000 08:08 266310                     /lib/x86_64-linux-gnu/libdbus-1.so.3.7.6
7f824128e000-7f8241296000 r-xp 00000000 08:08 266366                     /lib/x86_64-linux-gnu/libnih-dbus.so.1.0.0
7f8241296000-7f8241496000 ---p 00008000 08:08 266366                     /lib/x86_64-linux-gnu/libnih-dbus.so.1.0.0
7f8241496000-7f8241497000 r--p 00008000 08:08 266366                     /lib/x86_64-linux-gnu/libnih-dbus.so.1.0.0
7f8241497000-7f8241498000 rw-p 00009000 08:08 266366                     /lib/x86_64-linux-gnu/libnih-dbus.so.1.0.0
7f8241498000-7f82414af000 r-xp 00000000 08:08 266368                     /lib/x86_64-linux-gnu/libnih.so.1.0.0
7f82414af000-7f82416ae000 ---p 00017000 08:08 266368                     /lib/x86_64-linux-gnu/libnih.so.1.0.0
7f82416ae000-7f82416af000 r--p 00016000 08:08 266368                     /lib/x86_64-linux-gnu/libnih.so.1.0.0
7f82416af000-7f82416b0000 rw-p 00017000 08:08 266368                     /lib/x86_64-linux-gnu/libnih.so.1.0.0
7f82416b0000-7f82416c9000 r-xp 00000000 08:08 266309                     /lib/x86_64-linux-gnu/libcgmanager.so.0.0.0
7f82416c9000-7f82418c8000 ---p 00019000 08:08 266309                     /lib/x86_64-linux-gnu/libcgmanager.so.0.0.0
7f82418c8000-7f82418ca000 r--p 00018000 08:08 266309                     /lib/x86_64-linux-gnu/libcgmanager.so.0.0.0
7f82418ca000-7f82418cb000 rw-p 0001a000 08:08 266309                     /lib/x86_64-linux-gnu/libcgmanager.so.0.0.0
7f82418cb000-7f82418db000 r-xp 00000000 08:08 266241                     /lib/x86_64-linux-gnu/libudev.so.1.3.5
7f82418db000-7f8241ada000 ---p 00010000 08:08 266241                     /lib/x86_64-linux-gnu/libudev.so.1.3.5
7f8241ada000-7f8241adb000 r--p 0000f000 08:08 266241                     /lib/x86_64-linux-gnu/libudev.so.1.3.5
7f8241adb000-7f8241adc000 rw-p 00010000 08:08 266241                     /lib/x86_64-linux-gnu/libudev.so.1.3.5
7f8241adc000-7f8241ae2000 r-xp 00000000 08:08 1058769                    /usr/lib/x86_64-linux-gnu/libdatrie.so.1.3.1
7f8241ae2000-7f8241ce1000 ---p 00006000 08:08 1058769                    /usr/lib/x86_64-linux-gnu/libdatrie.so.1.3.1
7f8241ce1000-7f8241ce2000 r--p 00005000 08:08 1058769                    /usr/lib/x86_64-linux-gnu/libdatrie.so.1.3.1
7f8241ce2000-7f8241ce3000 rw-p 00006000 08:08 1058769                    /usr/lib/x86_64-linux-gnu/libdatrie.so.1.3.1
7f8241ce3000-7f8241ce8000 r-xp 00000000 08:08 1058589                    /usr/lib/x86_64-linux-gnu/libXdmcp.so.6.0.0
7f8241ce8000-7f8241ee7000 ---p 00005000 08:08 1058589                    /usr/lib/x86_64-linux-gnu/libXdmcp.so.6.0.0
7f8241ee7000-7f8241ee8000 r--p 00004000 08:08 1058589                    /usr/lib/x86_64-linux-gnu/libXdmcp.so.6.0.0
7f8241ee8000-7f8241ee9000 rw-p 00005000 08:08 1058589                    /usr/lib/x86_64-linux-gnu/libXdmcp.so.6.0.0
7f8241ee9000-7f8241eeb000 r-xp 00000000 08:08 1058578                    /usr/lib/x86_64-linux-gnu/libXau.so.6.0.0
7f8241eeb000-7f82420eb000 ---p 00002000 08:08 1058578                    /usr/lib/x86_64-linux-gnu/libXau.so.6.0.0
7f82420eb000-7f82420ec000 r--p 00002000 08:08 1058578                    /usr/lib/x86_64-linux-gnu/libXau.so.6.0.0
7f82420ec000-7f82420ed000 rw-p 00003000 08:08 1058578                    /usr/lib/x86_64-linux-gnu/libXau.so.6.0.0
7f82420ed000-7f8242107000 r-xp 00000000 08:08 1058961                    /usr/lib/x86_64-linux-gnu/libgraphite2.so.3.0.1
7f8242107000-7f8242306000 ---p 0001a000 08:08 1058961                    /usr/lib/x86_64-linux-gnu/libgraphite2.so.3.0.1
7f8242306000-7f8242308000 r--p 00019000 08:08 1058961                    /usr/lib/x86_64-linux-gnu/libgraphite2.so.3.0.1
7f8242308000-7f8242309000 rw-p 0001b000 08:08 1058961                    /usr/lib/x86_64-linux-gnu/libgraphite2.so.3.0.1
7f8242309000-7f8242314000 r-xp 00000000 08:08 1058802                    /usr/lib/x86_64-linux-gnu/libdrm.so.2.4.0
7f8242314000-7f8242513000 ---p 0000b000 08:08 1058802                    /usr/lib/x86_64-linux-gnu/libdrm.so.2.4.0
7f8242513000-7f8242514000 r--p 0000a000 08:08 1058802                    /usr/lib/x86_64-linux-gnu/libdrm.so.2.4.0
7f8242514000-7f8242515000 rw-p 0000b000 08:08 1058802                    /usr/lib/x86_64-linux-gnu/libdrm.so.2.4.0
7f8242515000-7f8242516000 r-xp 00000000 08:08 1059582                    /usr/lib/x86_64-linux-gnu/libxshmfence.so.1.0.0
7f8242516000-7f8242715000 ---p 00001000 08:08 1059582                    /usr/lib/x86_64-linux-gnu/libxshmfence.so.1.0.0
7f8242715000-7f8242716000 r--p 00000000 08:08 1059582                    /usr/lib/x86_64-linux-gnu/libxshmfence.so.1.0.0
7f8242716000-7f8242717000 rw-p 00001000 08:08 1059582                    /usr/lib/x86_64-linux-gnu/libxshmfence.so.1.0.0
7f8242717000-7f824271c000 r-xp 00000000 08:08 1059568                    /usr/lib/x86_64-linux-gnu/libxcb-sync.so.1.0.0
7f824271c000-7f824291b000 ---p 00005000 08:08 1059568                    /usr/lib/x86_64-linux-gnu/libxcb-sync.so.1.0.0
7f824291b000-7f824291c000 r--p 00004000 08:08 1059568                    /usr/lib/x86_64-linux-gnu/libxcb-sync.so.1.0.0
7f824291c000-7f824291d000 rw-p 00005000 08:08 1059568                    /usr/lib/x86_64-linux-gnu/libxcb-sync.so.1.0.0
7f824291d000-7f824291f000 r-xp 00000000 08:08 1059560                    /usr/lib/x86_64-linux-gnu/libxcb-present.so.0.0.0
7f824291f000-7f8242b1e000 ---p 00002000 08:08 1059560                    /usr/lib/x86_64-linux-gnu/libxcb-present.so.0.0.0
7f8242b1e000-7f8242b1f000 r--p 00001000 08:08 1059560                    /usr/lib/x86_64-linux-gnu/libxcb-present.so.0.0.0
7f8242b1f000-7f8242b20000 rw-p 00002000 08:08 1059560                    /usr/lib/x86_64-linux-gnu/libxcb-present.so.0.0.0
7f8242b20000-7f8242b22000 r-xp 00000000 08:08 1059556                    /usr/lib/x86_64-linux-gnu/libxcb-dri3.so.0.0.0
7f8242b22000-7f8242d21000 ---p 00002000 08:08 1059556                    /usr/lib/x86_64-linux-gnu/libxcb-dri3.so.0.0.0
7f8242d21000-7f8242d22000 r--p 00001000 08:08 1059556                    /usr/lib/x86_64-linux-gnu/libxcb-dri3.so.0.0.0
7f8242d22000-7f8242d23000 rw-p 00002000 08:08 1059556                    /usr/lib/x86_64-linux-gnu/libxcb-dri3.so.0.0.0
7f8242d23000-7f8242d26000 r-xp 00000000 08:08 1059554                    /usr/lib/x86_64-linux-gnu/libxcb-dri2.so.0.0.0
7f8242d26000-7f8242f26000 ---p 00003000 08:08 1059554                    /usr/lib/x86_64-linux-gnu/libxcb-dri2.so.0.0.0
7f8242f26000-7f8242f27000 r--p 00003000 08:08 1059554                    /usr/lib/x86_64-linux-gnu/libxcb-dri2.so.0.0.0
7f8242f27000-7f8242f28000 rw-p 00004000 08:08 1059554                    /usr/lib/x86_64-linux-gnu/libxcb-dri2.so.0.0.0
7f8242f28000-7f8242f3d000 r-xp 00000000 08:08 1059558                    /usr/lib/x86_64-linux-gnu/libxcb-glx.so.0.0.0
7f8242f3d000-7f824313c000 ---p 00015000 08:08 1059558                    /usr/lib/x86_64-linux-gnu/libxcb-glx.so.0.0.0
7f824313c000-7f824313e000 r--p 00014000 08:08 1059558                    /usr/lib/x86_64-linux-gnu/libxcb-glx.so.0.0.0
7f824313e000-7f824313f000 rw-p 00016000 08:08 1059558                    /usr/lib/x86_64-linux-gnu/libxcb-glx.so.0.0.0
7f824313f000-7f8243140000 r-xp 00000000 08:08 1058572                    /usr/lib/x86_64-linux-gnu/libX11-xcb.so.1.0.0
7f8243140000-7f824333f000 ---p 00001000 08:08 1058572                    /usr/lib/x86_64-linux-gnu/libX11-xcb.so.1.0.0
7f824333f000-7f8243340000 r--p 00000000 08:08 1058572                    /usr/lib/x86_64-linux-gnu/libX11-xcb.so.1.0.0
7f8243340000-7f8243341000 rw-p 00001000 08:08 1058572                    /usr/lib/x86_64-linux-gnu/libX11-xcb.so.1.0.0
7f8243341000-7f8243363000 r-xp 00000000 08:08 1050613                    /usr/lib/x86_64-linux-gnu/libglapi.so.0.0.0
7f8243363000-7f8243563000 ---p 00022000 08:08 1050613                    /usr/lib/x86_64-linux-gnu/libglapi.so.0.0.0
7f8243563000-7f8243566000 r--p 00022000 08:08 1050613                    /usr/lib/x86_64-linux-gnu/libglapi.so.0.0.0
7f8243566000-7f8243567000 rw-p 00025000 08:08 1050613                    /usr/lib/x86_64-linux-gnu/libglapi.so.0.0.0
7f8243567000-7f8243568000 rw-p 00000000 00:00 0 
7f8243568000-7f82435a5000 r-xp 00000000 08:08 266407                     /lib/x86_64-linux-gnu/libpcre.so.3.13.1
7f82435a5000-7f82437a4000 ---p 0003d000 08:08 266407                     /lib/x86_64-linux-gnu/libpcre.so.3.13.1
7f82437a4000-7f82437a5000 r--p 0003c000 08:08 266407                     /lib/x86_64-linux-gnu/libpcre.so.3.13.1
7f82437a5000-7f82437a6000 rw-p 0003d000 08:08 266407                     /lib/x86_64-linux-gnu/libpcre.so.3.13.1
7f82437a6000-7f82437ad000 r-xp 00000000 08:08 1058830                    /usr/lib/x86_64-linux-gnu/libffi.so.6.0.1
7f82437ad000-7f82439ac000 ---p 00007000 08:08 1058830                    /usr/lib/x86_64-linux-gnu/libffi.so.6.0.1
7f82439ac000-7f82439ad000 r--p 00006000 08:08 1058830                    /usr/lib/x86_64-linux-gnu/libffi.so.6.0.1
7f82439ad000-7f82439ae000 rw-p 00007000 08:08 1058830                    /usr/lib/x86_64-linux-gnu/libffi.so.6.0.1
7f82439ae000-7f82439d5000 r-xp 00000000 08:08 266326                     /lib/x86_64-linux-gnu/libexpat.so.1.6.0
7f82439d5000-7f8243bd5000 ---p 00027000 08:08 266326                     /lib/x86_64-linux-gnu/libexpat.so.1.6.0
7f8243bd5000-7f8243bd7000 r--p 00027000 08:08 266326                     /lib/x86_64-linux-gnu/libexpat.so.1.6.0
7f8243bd7000-7f8243bd8000 rw-p 00029000 08:08 266326                     /lib/x86_64-linux-gnu/libexpat.so.1.6.0
7f8243bd8000-7f8243be0000 r-xp 00000000 08:08 1059458                    /usr/lib/x86_64-linux-gnu/libthai.so.0.2.0
7f8243be0000-7f8243ddf000 ---p 00008000 08:08 1059458                    /usr/lib/x86_64-linux-gnu/libthai.so.0.2.0
7f8243ddf000-7f8243de0000 r--p 00007000 08:08 1059458                    /usr/lib/x86_64-linux-gnu/libthai.so.0.2.0
7f8243de0000-7f8243de1000 rw-p 00008000 08:08 1059458                    /usr/lib/x86_64-linux-gnu/libthai.so.0.2.0
7f8243de1000-7f8243dfe000 r-xp 00000000 08:08 1059574                    /usr/lib/x86_64-linux-gnu/libxcb.so.1.1.0
7f8243dfe000-7f8243ffe000 ---p 0001d000 08:08 1059574                    /usr/lib/x86_64-linux-gnu/libxcb.so.1.1.0
7f8243ffe000-7f8243fff000 r--p 0001d000 08:08 1059574                    /usr/lib/x86_64-linux-gnu/libxcb.so.1.1.0
7f8243fff000-7f8244000000 rw-p 0001e000 08:08 1059574                    /usr/lib/x86_64-linux-gnu/libxcb.so.1.1.0
7f8244000000-7f8244021000 rw-p 00000000 00:00 0 
7f8244021000-7f8248000000 ---p 00000000 00:00 0 
7f8248000000-7f8248021000 rw-p 00000000 00:00 0 
7f8248021000-7f824c000000 ---p 00000000 00:00 0 
7f824c000000-7f824c571000 rw-p 00000000 00:00 0 
7f824c571000-7f8250000000 ---p 00000000 00:00 0 
7f8250000000-7f8250380000 rw-p 00000000 00:00 0 
7f8250380000-7f8254000000 ---p 00000000 00:00 0 
7f8254000000-7f8254021000 rw-p 00000000 00:00 0 
7f8254021000-7f8258000000 ---p 00000000 00:00 0 
7f8258000000-7f82583dc000 rw-p 00000000 00:00 0 
7f82583dc000-7f825c000000 ---p 00000000 00:00 0 
7f825c000000-7f825c021000 rw-p 00000000 00:00 0 
7f825c021000-7f8260000000 ---p 00000000 00:00 0 
7f8260000000-7f8260021000 rw-p 00000000 00:00 0 
7f8260021000-7f8264000000 ---p 00000000 00:00 0 
7f8264000000-7f8264021000 rw-p 00000000 00:00 0 
7f8264021000-7f8268000000 ---p 00000000 00:00 0 
7f8268002000-7f826800a000 rw-s 00000000 00:04 382228                     /drm mm object (deleted)
7f826800a000-7f8268012000 rw-s 00000000 00:04 382216                     /drm mm object (deleted)
7f8268012000-7f826801c000 r--s 00116000 08:08 1328298                    /usr/lib/jvm/java-8-oracle/jre/lib/ext/localedata.jar
7f826801c000-7f8268024000 rw-s 00000000 00:04 382222                     /drm mm object (deleted)
7f8268024000-7f826802c000 rw-s 00000000 00:04 382215                     /drm mm object (deleted)
7f826802c000-7f8268030000 rw-s 00000000 00:04 382207                     /drm mm object (deleted)
7f8268030000-7f8268038000 r-xp 00000000 08:08 1059562                    /usr/lib/x86_64-linux-gnu/libxcb-render.so.0.0.0
7f8268038000-7f8268237000 ---p 00008000 08:08 1059562                    /usr/lib/x86_64-linux-gnu/libxcb-render.so.0.0.0
7f8268237000-7f8268238000 r--p 00007000 08:08 1059562                    /usr/lib/x86_64-linux-gnu/libxcb-render.so.0.0.0
7f8268238000-7f8268239000 rw-p 00008000 08:08 1059562                    /usr/lib/x86_64-linux-gnu/libxcb-render.so.0.0.0
7f8268239000-7f826823b000 r-xp 00000000 08:08 1059566                    /usr/lib/x86_64-linux-gnu/libxcb-shm.so.0.0.0
7f826823b000-7f826843a000 ---p 00002000 08:08 1059566                    /usr/lib/x86_64-linux-gnu/libxcb-shm.so.0.0.0
7f826843a000-7f826843b000 r--p 00001000 08:08 1059566                    /usr/lib/x86_64-linux-gnu/libxcb-shm.so.0.0.0
7f826843b000-7f826843c000 rw-p 00002000 08:08 1059566                    /usr/lib/x86_64-linux-gnu/libxcb-shm.so.0.0.0
7f826843c000-7f8268461000 r-xp 00000000 08:08 266419                     /lib/x86_64-linux-gnu/libpng12.so.0.50.0
7f8268461000-7f8268660000 ---p 00025000 08:08 266419                     /lib/x86_64-linux-gnu/libpng12.so.0.50.0
7f8268660000-7f8268661000 r--p 00024000 08:08 266419                     /lib/x86_64-linux-gnu/libpng12.so.0.50.0
7f8268661000-7f8268662000 rw-p 00025000 08:08 266419                     /lib/x86_64-linux-gnu/libpng12.so.0.50.0
7f8268662000-7f8268703000 r-xp 00000000 08:08 1059296                    /usr/lib/x86_64-linux-gnu/libpixman-1.so.0.30.2
7f8268703000-7f8268903000 ---p 000a1000 08:08 1059296                    /usr/lib/x86_64-linux-gnu/libpixman-1.so.0.30.2
7f8268903000-7f826890a000 r--p 000a1000 08:08 1059296                    /usr/lib/x86_64-linux-gnu/libpixman-1.so.0.30.2
7f826890a000-7f826890b000 rw-p 000a8000 08:08 1059296                    /usr/lib/x86_64-linux-gnu/libpixman-1.so.0.30.2
7f826890b000-7f826895e000 r-xp 00000000 08:08 1049006                    /usr/lib/x86_64-linux-gnu/libharfbuzz.so.0.927.0
7f826895e000-7f8268b5e000 ---p 00053000 08:08 1049006                    /usr/lib/x86_64-linux-gnu/libharfbuzz.so.0.927.0
7f8268b5e000-7f8268b5f000 r--p 00053000 08:08 1049006                    /usr/lib/x86_64-linux-gnu/libharfbuzz.so.0.927.0
7f8268b5f000-7f8268b60000 rw-p 00054000 08:08 1049006                    /usr/lib/x86_64-linux-gnu/libharfbuzz.so.0.927.0
7f8268b60000-7f8268b77000 r-xp 00000000 08:08 262149                     /lib/x86_64-linux-gnu/libresolv-2.19.so
7f8268b77000-7f8268d77000 ---p 00017000 08:08 262149                     /lib/x86_64-linux-gnu/libresolv-2.19.so
7f8268d77000-7f8268d78000 r--p 00017000 08:08 262149                     /lib/x86_64-linux-gnu/libresolv-2.19.so
7f8268d78000-7f8268d79000 rw-p 00018000 08:08 262149                     /lib/x86_64-linux-gnu/libresolv-2.19.so
7f8268d79000-7f8268d7b000 rw-p 00000000 00:00 0 
7f8268d7b000-7f8268d9b000 r-xp 00000000 08:08 266434                     /lib/x86_64-linux-gnu/libselinux.so.1
7f8268d9b000-7f8268f9a000 ---p 00020000 08:08 266434                     /lib/x86_64-linux-gnu/libselinux.so.1
7f8268f9a000-7f8268f9b000 r--p 0001f000 08:08 266434                     /lib/x86_64-linux-gnu/libselinux.so.1
7f8268f9b000-7f8268f9c000 rw-p 00020000 08:08 266434                     /lib/x86_64-linux-gnu/libselinux.so.1
7f8268f9c000-7f8268f9e000 rw-p 00000000 00:00 0 
7f8268f9e000-7f8268fb6000 r-xp 00000000 08:08 266466                     /lib/x86_64-linux-gnu/libz.so.1.2.8
7f8268fb6000-7f82691b5000 ---p 00018000 08:08 266466                     /lib/x86_64-linux-gnu/libz.so.1.2.8
7f82691b5000-7f82691b6000 r--p 00017000 08:08 266466                     /lib/x86_64-linux-gnu/libz.so.1.2.8
7f82691b6000-7f82691b7000 rw-p 00018000 08:08 266466                     /lib/x86_64-linux-gnu/libz.so.1.2.8
7f82691b7000-7f82691c8000 r-xp 00000000 08:08 1058591                    /usr/lib/x86_64-linux-gnu/libXext.so.6.4.0
7f82691c8000-7f82693c7000 ---p 00011000 08:08 1058591                    /usr/lib/x86_64-linux-gnu/libXext.so.6.4.0
7f82693c7000-7f82693c8000 r--p 00010000 08:08 1058591                    /usr/lib/x86_64-linux-gnu/libXext.so.6.4.0
7f82693c8000-7f82693c9000 rw-p 00011000 08:08 1058591                    /usr/lib/x86_64-linux-gnu/libXext.so.6.4.0
7f82693c9000-7f82693cb000 r-xp 00000000 08:08 1058587                    /usr/lib/x86_64-linux-gnu/libXdamage.so.1.1.0
7f82693cb000-7f82695ca000 ---p 00002000 08:08 1058587                    /usr/lib/x86_64-linux-gnu/libXdamage.so.1.1.0
7f82695ca000-7f82695cb000 r--p 00001000 08:08 1058587                    /usr/lib/x86_64-linux-gnu/libXdamage.so.1.1.0
7f82695cb000-7f82695cc000 rw-p 00002000 08:08 1058587                    /usr/lib/x86_64-linux-gnu/libXdamage.so.1.1.0
7f82695cc000-7f82695ce000 r-xp 00000000 08:08 1058583                    /usr/lib/x86_64-linux-gnu/libXcomposite.so.1.0.0
7f82695ce000-7f82697cd000 ---p 00002000 08:08 1058583                    /usr/lib/x86_64-linux-gnu/libXcomposite.so.1.0.0
7f82697cd000-7f82697ce000 r--p 00001000 08:08 1058583                    /usr/lib/x86_64-linux-gnu/libXcomposite.so.1.0.0
7f82697ce000-7f82697cf000 rw-p 00002000 08:08 1058583                    /usr/lib/x86_64-linux-gnu/libXcomposite.so.1.0.0
7f82697cf000-7f82697d8000 r-xp 00000000 08:08 1058585                    /usr/lib/x86_64-linux-gnu/libXcursor.so.1.0.2
7f82697d8000-7f82699d7000 ---p 00009000 08:08 1058585                    /usr/lib/x86_64-linux-gnu/libXcursor.so.1.0.2
7f82699d7000-7f82699d8000 r--p 00008000 08:08 1058585                    /usr/lib/x86_64-linux-gnu/libXcursor.so.1.0.2
7f82699d8000-7f82699d9000 rw-p 00009000 08:08 1058585                    /usr/lib/x86_64-linux-gnu/libXcursor.so.1.0.2
7f82699d9000-7f82699e2000 r-xp 00000000 08:08 1058609                    /usr/lib/x86_64-linux-gnu/libXrandr.so.2.2.0
7f82699e2000-7f8269be1000 ---p 00009000 08:08 1058609                    /usr/lib/x86_64-linux-gnu/libXrandr.so.2.2.0
7f8269be1000-7f8269be2000 r--p 00008000 08:08 1058609                    /usr/lib/x86_64-linux-gnu/libXrandr.so.2.2.0
7f8269be2000-7f8269be3000 rw-p 00009000 08:08 1058609                    /usr/lib/x86_64-linux-gnu/libXrandr.so.2.2.0
7f8269be3000-7f8269bf2000 r-xp 00000000 08:08 1058599                    /usr/lib/x86_64-linux-gnu/libXi.so.6.1.0
7f8269bf2000-7f8269df1000 ---p 0000f000 08:08 1058599                    /usr/lib/x86_64-linux-gnu/libXi.so.6.1.0
7f8269df1000-7f8269df2000 r--p 0000e000 08:08 1058599                    /usr/lib/x86_64-linux-gnu/libXi.so.6.1.0
7f8269df2000-7f8269df3000 rw-p 0000f000 08:08 1058599                    /usr/lib/x86_64-linux-gnu/libXi.so.6.1.0
7f8269df3000-7f8269df5000 r-xp 00000000 08:08 1058601                    /usr/lib/x86_64-linux-gnu/libXinerama.so.1.0.0
7f8269df5000-7f8269ff4000 ---p 00002000 08:08 1058601                    /usr/lib/x86_64-linux-gnu/libXinerama.so.1.0.0
7f8269ff4000-7f8269ff5000 r--p 00001000 08:08 1058601                    /usr/lib/x86_64-linux-gnu/libXinerama.so.1.0.0
7f8269ff5000-7f8269ff6000 rw-p 00002000 08:08 1058601                    /usr/lib/x86_64-linux-gnu/libXinerama.so.1.0.0
7f8269ff6000-7f8269fff000 r-xp 00000000 08:08 1058611                    /usr/lib/x86_64-linux-gnu/libXrender.so.1.3.0
7f8269fff000-7f826a1fe000 ---p 00009000 08:08 1058611                    /usr/lib/x86_64-linux-gnu/libXrender.so.1.3.0
7f826a1fe000-7f826a1ff000 r--p 00008000 08:08 1058611                    /usr/lib/x86_64-linux-gnu/libXrender.so.1.3.0
7f826a1ff000-7f826a200000 rw-p 00009000 08:08 1058611                    /usr/lib/x86_64-linux-gnu/libXrender.so.1.3.0
7f826a200000-7f826c000000 rw-p 00000000 00:00 0 
7f826c000000-7f826c021000 rw-p 00000000 00:00 0 
7f826c021000-7f8270000000 ---p 00000000 00:00 0 
7f8270000000-7f8270021000 rw-p 00000000 00:00 0 
7f8270021000-7f8274000000 ---p 00000000 00:00 0 
7f8274000000-7f8274021000 rw-p 00000000 00:00 0 
7f8274021000-7f8278000000 ---p 00000000 00:00 0 
7f8278001000-7f8278009000 rw-s 00000000 00:04 382208                     /drm mm object (deleted)
7f8278009000-7f827800d000 rw-s 00000000 00:04 382206                     /drm mm object (deleted)
7f827800d000-7f827800f000 rw-s 00000000 00:04 382205                     /drm mm object (deleted)
7f827800f000-7f8278011000 rw-s 00000000 00:04 382204                     /drm mm object (deleted)
7f8278011000-7f8278013000 rw-s 00000000 00:04 382201                     /drm mm object (deleted)
7f8278013000-7f8278021000 rw-s 104de0000 00:05 1252                      /dev/dri/card0
7f8278021000-7f82780cc000 r--p 00000000 08:08 1192982                    /usr/lib/jvm/java-8-oracle/jre/lib/fonts/LucidaSansRegular.ttf
7f82780cc000-7f82780d1000 r-xp 00000000 08:08 1058593                    /usr/lib/x86_64-linux-gnu/libXfixes.so.3.1.0
7f82780d1000-7f82782d0000 ---p 00005000 08:08 1058593                    /usr/lib/x86_64-linux-gnu/libXfixes.so.3.1.0
7f82782d0000-7f82782d1000 r--p 00004000 08:08 1058593                    /usr/lib/x86_64-linux-gnu/libXfixes.so.3.1.0
7f82782d1000-7f82782d2000 rw-p 00005000 08:08 1058593                    /usr/lib/x86_64-linux-gnu/libXfixes.so.3.1.0
7f82782d2000-7f82782e8000 r-xp 00000000 08:08 266213                     /lib/x86_64-linux-gnu/libgcc_s.so.1
7f82782e8000-7f82784e7000 ---p 00016000 08:08 266213                     /lib/x86_64-linux-gnu/libgcc_s.so.1
7f82784e7000-7f82784e8000 rw-p 00015000 08:08 266213                     /lib/x86_64-linux-gnu/libgcc_s.so.1
7f82784e8000-7f82785ce000 r-xp 00000000 08:08 1059434                    /usr/lib/x86_64-linux-gnu/libstdc++.so.6.0.19
7f82785ce000-7f82787cd000 ---p 000e6000 08:08 1059434                    /usr/lib/x86_64-linux-gnu/libstdc++.so.6.0.19
7f82787cd000-7f82787d5000 r--p 000e5000 08:08 1059434                    /usr/lib/x86_64-linux-gnu/libstdc++.so.6.0.19
7f82787d5000-7f82787d7000 rw-p 000ed000 08:08 1059434                    /usr/lib/x86_64-linux-gnu/libstdc++.so.6.0.19
7f82787d7000-7f82787ec000 rw-p 00000000 00:00 0 
7f82787ec000-7f827884e000 r-xp 00000000 08:08 1183416                    /usr/lib/x86_64-linux-gnu/mesa/libGL.so.1.2.0
7f827884e000-7f8278a4d000 ---p 00062000 08:08 1183416                    /usr/lib/x86_64-linux-gnu/mesa/libGL.so.1.2.0
7f8278a4d000-7f8278a50000 r--p 00061000 08:08 1183416                    /usr/lib/x86_64-linux-gnu/mesa/libGL.so.1.2.0
7f8278a50000-7f8278a51000 rw-p 00064000 08:08 1183416                    /usr/lib/x86_64-linux-gnu/mesa/libGL.so.1.2.0
7f8278a51000-7f8278a52000 rw-p 00000000 00:00 0 
7f8278a52000-7f8278a56000 r-xp 00000000 08:08 1058627                    /usr/lib/x86_64-linux-gnu/libXxf86vm.so.1.0.0
7f8278a56000-7f8278c56000 ---p 00004000 08:08 1058627                    /usr/lib/x86_64-linux-gnu/libXxf86vm.so.1.0.0
7f8278c56000-7f8278c57000 r--p 00004000 08:08 1058627                    /usr/lib/x86_64-linux-gnu/libXxf86vm.so.1.0.0
7f8278c57000-7f8278c58000 rw-p 00005000 08:08 1058627                    /usr/lib/x86_64-linux-gnu/libXxf86vm.so.1.0.0
7f8278c58000-7f8278d88000 r-xp 00000000 08:08 1058574                    /usr/lib/x86_64-linux-gnu/libX11.so.6.3.0
7f8278d88000-7f8278f88000 ---p 00130000 08:08 1058574                    /usr/lib/x86_64-linux-gnu/libX11.so.6.3.0
7f8278f88000-7f8278f89000 r--p 00130000 08:08 1058574                    /usr/lib/x86_64-linux-gnu/libX11.so.6.3.0
7f8278f89000-7f8278f8d000 rw-p 00131000 08:08 1058574                    /usr/lib/x86_64-linux-gnu/libX11.so.6.3.0
7f8278f8d000-7f8278f92000 r-xp 00000000 08:08 1058617                    /usr/lib/x86_64-linux-gnu/libXtst.so.6.1.0
7f8278f92000-7f8279191000 ---p 00005000 08:08 1058617                    /usr/lib/x86_64-linux-gnu/libXtst.so.6.1.0
7f8279191000-7f8279192000 r--p 00004000 08:08 1058617                    /usr/lib/x86_64-linux-gnu/libXtst.so.6.1.0
7f8279192000-7f8279193000 rw-p 00005000 08:08 1058617                    /usr/lib/x86_64-linux-gnu/libXtst.so.6.1.0
7f8279193000-7f8279299000 r-xp 00000000 08:08 266219                     /lib/x86_64-linux-gnu/libglib-2.0.so.0.4002.0
7f8279299000-7f8279498000 ---p 00106000 08:08 266219                     /lib/x86_64-linux-gnu/libglib-2.0.so.0.4002.0
7f8279498000-7f8279499000 r--p 00105000 08:08 266219                     /lib/x86_64-linux-gnu/libglib-2.0.so.0.4002.0
7f8279499000-7f827949a000 rw-p 00106000 08:08 266219                     /lib/x86_64-linux-gnu/libglib-2.0.so.0.4002.0
7f827949a000-7f827949b000 rw-p 00000000 00:00 0 
7f827949b000-7f827949c000 r-xp 00000000 08:08 1048944                    /usr/lib/x86_64-linux-gnu/libgthread-2.0.so.0.4002.0
7f827949c000-7f827969b000 ---p 00001000 08:08 1048944                    /usr/lib/x86_64-linux-gnu/libgthread-2.0.so.0.4002.0
7f827969b000-7f827969c000 r--p 00000000 08:08 1048944                    /usr/lib/x86_64-linux-gnu/libgthread-2.0.so.0.4002.0
7f827969c000-7f827969d000 rw-p 00001000 08:08 1048944                    /usr/lib/x86_64-linux-gnu/libgthread-2.0.so.0.4002.0
7f827969d000-7f82796a0000 r-xp 00000000 08:08 1048921                    /usr/lib/x86_64-linux-gnu/libgmodule-2.0.so.0.4002.0
7f82796a0000-7f827989f000 ---p 00003000 08:08 1048921                    /usr/lib/x86_64-linux-gnu/libgmodule-2.0.so.0.4002.0
7f827989f000-7f82798a0000 r--p 00002000 08:08 1048921                    /usr/lib/x86_64-linux-gnu/libgmodule-2.0.so.0.4002.0
7f82798a0000-7f82798a1000 rw-p 00003000 08:08 1048921                    /usr/lib/x86_64-linux-gnu/libgmodule-2.0.so.0.4002.0
7f82798a1000-7f82798f0000 r-xp 00000000 08:08 1048941                    /usr/lib/x86_64-linux-gnu/libgobject-2.0.so.0.4002.0
7f82798f0000-7f8279af0000 ---p 0004f000 08:08 1048941                    /usr/lib/x86_64-linux-gnu/libgobject-2.0.so.0.4002.0
7f8279af0000-7f8279af1000 r--p 0004f000 08:08 1048941                    /usr/lib/x86_64-linux-gnu/libgobject-2.0.so.0.4002.0
7f8279af1000-7f8279af2000 rw-p 00050000 08:08 1048941                    /usr/lib/x86_64-linux-gnu/libgobject-2.0.so.0.4002.0
7f8279af2000-7f8279b2c000 r-xp 00000000 08:08 1058844                    /usr/lib/x86_64-linux-gnu/libfontconfig.so.1.8.0
7f8279b2c000-7f8279d2b000 ---p 0003a000 08:08 1058844                    /usr/lib/x86_64-linux-gnu/libfontconfig.so.1.8.0
7f8279d2b000-7f8279d2d000 r--p 00039000 08:08 1058844                    /usr/lib/x86_64-linux-gnu/libfontconfig.so.1.8.0
7f8279d2d000-7f8279d2e000 rw-p 0003b000 08:08 1058844                    /usr/lib/x86_64-linux-gnu/libfontconfig.so.1.8.0
7f8279d2e000-7f8279dcb000 r-xp 00000000 08:08 1058856                    /usr/lib/x86_64-linux-gnu/libfreetype.so.6.11.1
7f8279dcb000-7f8279fca000 ---p 0009d000 08:08 1058856                    /usr/lib/x86_64-linux-gnu/libfreetype.so.6.11.1
7f8279fca000-7f8279fd0000 r--p 0009c000 08:08 1058856                    /usr/lib/x86_64-linux-gnu/libfreetype.so.6.11.1
7f8279fd0000-7f8279fd1000 rw-p 000a2000 08:08 1058856                    /usr/lib/x86_64-linux-gnu/libfreetype.so.6.11.1
7f8279fd1000-7f827a01b000 r-xp 00000000 08:08 1050459                    /usr/lib/x86_64-linux-gnu/libpango-1.0.so.0.3600.3
7f827a01b000-7f827a21b000 ---p 0004a000 08:08 1050459                    /usr/lib/x86_64-linux-gnu/libpango-1.0.so.0.3600.3
7f827a21b000-7f827a21d000 r--p 0004a000 08:08 1050459                    /usr/lib/x86_64-linux-gnu/libpango-1.0.so.0.3600.3
7f827a21d000-7f827a21e000 rw-p 0004c000 08:08 1050459                    /usr/lib/x86_64-linux-gnu/libpango-1.0.so.0.3600.3
7f827a21e000-7f827a324000 r-xp 00000000 08:08 1058704                    /usr/lib/x86_64-linux-gnu/libcairo.so.2.11301.0
7f827a324000-7f827a523000 ---p 00106000 08:08 1058704                    /usr/lib/x86_64-linux-gnu/libcairo.so.2.11301.0
7f827a523000-7f827a526000 r--p 00105000 08:08 1058704                    /usr/lib/x86_64-linux-gnu/libcairo.so.2.11301.0
7f827a526000-7f827a527000 rw-p 00108000 08:08 1058704                    /usr/lib/x86_64-linux-gnu/libcairo.so.2.11301.0
7f827a527000-7f827a529000 rw-p 00000000 00:00 0 
7f827a529000-7f827a534000 r-xp 00000000 08:08 1050457                    /usr/lib/x86_64-linux-gnu/libpangocairo-1.0.so.0.3600.3
7f827a534000-7f827a734000 ---p 0000b000 08:08 1050457                    /usr/lib/x86_64-linux-gnu/libpangocairo-1.0.so.0.3600.3
7f827a734000-7f827a735000 r--p 0000b000 08:08 1050457                    /usr/lib/x86_64-linux-gnu/libpangocairo-1.0.so.0.3600.3
7f827a735000-7f827a736000 rw-p 0000c000 08:08 1050457                    /usr/lib/x86_64-linux-gnu/libpangocairo-1.0.so.0.3600.3
7f827a736000-7f827a755000 r-xp 00000000 08:08 1058887                    /usr/lib/x86_64-linux-gnu/libgdk_pixbuf-2.0.so.0.3000.7
7f827a755000-7f827a955000 ---p 0001f000 08:08 1058887                    /usr/lib/x86_64-linux-gnu/libgdk_pixbuf-2.0.so.0.3000.7
7f827a955000-7f827a956000 r--p 0001f000 08:08 1058887                    /usr/lib/x86_64-linux-gnu/libgdk_pixbuf-2.0.so.0.3000.7
7f827a956000-7f827a957000 rw-p 00020000 08:08 1058887                    /usr/lib/x86_64-linux-gnu/libgdk_pixbuf-2.0.so.0.3000.7
7f827a957000-7f827a96b000 r-xp 00000000 08:08 1050461                    /usr/lib/x86_64-linux-gnu/libpangoft2-1.0.so.0.3600.3
7f827a96b000-7f827ab6a000 ---p 00014000 08:08 1050461                    /usr/lib/x86_64-linux-gnu/libpangoft2-1.0.so.0.3600.3
7f827ab6a000-7f827ab6b000 r--p 00013000 08:08 1050461                    /usr/lib/x86_64-linux-gnu/libpangoft2-1.0.so.0.3600.3
7f827ab6b000-7f827ab6c000 rw-p 00014000 08:08 1050461                    /usr/lib/x86_64-linux-gnu/libpangoft2-1.0.so.0.3600.3
7f827ab6c000-7f827acd8000 r-xp 00000000 08:08 1048945                    /usr/lib/x86_64-linux-gnu/libgio-2.0.so.0.4002.0
7f827acd8000-7f827aed7000 ---p 0016c000 08:08 1048945                    /usr/lib/x86_64-linux-gnu/libgio-2.0.so.0.4002.0
7f827aed7000-7f827aedb000 r--p 0016b000 08:08 1048945                    /usr/lib/x86_64-linux-gnu/libgio-2.0.so.0.4002.0
7f827aedb000-7f827aedd000 rw-p 0016f000 08:08 1048945                    /usr/lib/x86_64-linux-gnu/libgio-2.0.so.0.4002.0
7f827aedd000-7f827aedf000 rw-p 00000000 00:00 0 
7f827aedf000-7f827aefe000 r-xp 00000000 08:08 1058665                    /usr/lib/x86_64-linux-gnu/libatk-1.0.so.0.21009.1
7f827aefe000-7f827b0fe000 ---p 0001f000 08:08 1058665                    /usr/lib/x86_64-linux-gnu/libatk-1.0.so.0.21009.1
7f827b0fe000-7f827b100000 r--p 0001f000 08:08 1058665                    /usr/lib/x86_64-linux-gnu/libatk-1.0.so.0.21009.1
7f827b100000-7f827b101000 rw-p 00021000 08:08 1058665                    /usr/lib/x86_64-linux-gnu/libatk-1.0.so.0.21009.1
7f827b101000-7f827b1ae000 r-xp 00000000 08:08 1058885                    /usr/lib/x86_64-linux-gnu/libgdk-x11-2.0.so.0.2400.23
7f827b1ae000-7f827b3ad000 ---p 000ad000 08:08 1058885                    /usr/lib/x86_64-linux-gnu/libgdk-x11-2.0.so.0.2400.23
7f827b3ad000-7f827b3b1000 r--p 000ac000 08:08 1058885                    /usr/lib/x86_64-linux-gnu/libgdk-x11-2.0.so.0.2400.23
7f827b3b1000-7f827b3b3000 rw-p 000b0000 08:08 1058885                    /usr/lib/x86_64-linux-gnu/libgdk-x11-2.0.so.0.2400.23
7f827b3b3000-7f827b7e2000 r-xp 00000000 08:08 1059055                    /usr/lib/x86_64-linux-gnu/libgtk-x11-2.0.so.0.2400.23
7f827b7e2000-7f827b9e1000 ---p 0042f000 08:08 1059055                    /usr/lib/x86_64-linux-gnu/libgtk-x11-2.0.so.0.2400.23
7f827b9e1000-7f827b9e8000 r--p 0042e000 08:08 1059055                    /usr/lib/x86_64-linux-gnu/libgtk-x11-2.0.so.0.2400.23
7f827b9e8000-7f827b9ec000 rw-p 00435000 08:08 1059055                    /usr/lib/x86_64-linux-gnu/libgtk-x11-2.0.so.0.2400.23
7f827b9ec000-7f827b9ef000 rw-p 00000000 00:00 0 
7f827b9ef000-7f827b9fb000 r-xp 00000000 08:08 1328328                    /usr/lib/jvm/java-8-oracle/jre/lib/amd64/libprism_es2.so
7f827b9fb000-7f827bbfa000 ---p 0000c000 08:08 1328328                    /usr/lib/jvm/java-8-oracle/jre/lib/amd64/libprism_es2.so
7f827bbfa000-7f827bbfb000 r--p 0000b000 08:08 1328328                    /usr/lib/jvm/java-8-oracle/jre/lib/amd64/libprism_es2.so
7f827bbfb000-7f827bbfc000 rw-p 0000c000 08:08 1328328                    /usr/lib/jvm/java-8-oracle/jre/lib/amd64/libprism_es2.so
7f827bbfc000-7f827bbff000 ---p 00000000 00:00 0 
7f827bbff000-7f827bcfd000 rw-p 00000000 00:00 0                          [stack:7151]
7f827bcfd000-7f827bcfe000 ---p 00000000 00:00 0 
7f827bcfe000-7f827bdfe000 rw-p 00000000 00:00 0                          [stack:7150]
7f827bdfe000-7f827be01000 ---p 00000000 00:00 0 
7f827be01000-7f827beff000 rw-p 00000000 00:00 0                          [stack:7149]
7f827beff000-7f827bf02000 ---p 00000000 00:00 0 
7f827bf02000-7f827c000000 rw-p 00000000 00:00 0                          [stack:7148]
7f827c000000-7f827c021000 rw-p 00000000 00:00 0 
7f827c021000-7f8280000000 ---p 00000000 00:00 0 
7f8280001000-7f8280003000 rw-p 00000000 00:00 0 
7f8280003000-7f828000f000 rw-s 00000000 00:04 376631                     /drm mm object (deleted)
7f828000f000-7f8280010000 rw-p 00000000 00:00 0 
7f8280010000-7f8280011000 rw-s 00000000 00:04 376637                     /drm mm object (deleted)
7f8280011000-7f8280024000 r--s 00344000 08:08 1192877                    /usr/lib/jvm/java-8-oracle/jre/lib/resources.jar
7f8280024000-7f828005e000 r--p 00000000 08:08 1192981                    /usr/lib/jvm/java-8-oracle/jre/lib/fonts/LucidaTypewriterBold.ttf
7f828005e000-7f8280071000 r--p 00000000 08:08 1192980                    /usr/lib/jvm/java-8-oracle/jre/lib/fonts/LucidaBrightDemiItalic.ttf
7f8280071000-7f8280085000 r--p 00000000 08:08 1192978                    /usr/lib/jvm/java-8-oracle/jre/lib/fonts/LucidaBrightItalic.ttf
7f8280085000-7f8280098000 r--p 00000000 08:08 1192977                    /usr/lib/jvm/java-8-oracle/jre/lib/fonts/LucidaBrightDemiBold.ttf
7f8280098000-7f828009d000 r--s 00084000 08:08 1192987                    /usr/lib/jvm/java-8-oracle/jre/lib/jfr.jar
7f828009d000-7f82800a8000 r--s 00000000 08:08 2101004                    /var/cache/fontconfig/945677eb7aeaf62f1d50efc3fb3ec7d8-le64.cache-4
7f82800a8000-7f82800ae000 r--s 00000000 08:08 2100987                    /var/cache/fontconfig/2cd17615ca594fa2959ae173292e504c-le64.cache-4
7f82800ae000-7f82800af000 r--s 00000000 08:08 2101020                    /var/cache/fontconfig/e7071f4a29fa870f4323321c154eba04-le64.cache-4
7f82800af000-7f82800b0000 r--s 00000000 08:08 2100983                    /var/cache/fontconfig/0d8c3b2ac0904cb8a57a757ad11a4a08-le64.cache-4
7f82800b0000-7f82800b7000 r--s 00000000 08:08 2101007                    /var/cache/fontconfig/a755afe4a08bf5b97852ceb7400b47bc-le64.cache-4
7f82800b7000-7f82800bb000 r--s 00000000 08:08 2102770                    /var/cache/fontconfig/6d41288fd70b0be22e8c3a91e032eec0-le64.cache-4
7f82800bb000-7f82800cf000 r--s 00000000 08:08 2100978                    /var/cache/fontconfig/04aabc0a78ac019cf9454389977116d2-le64.cache-4
7f82800cf000-7f82800d0000 r--s 00000000 08:08 2100986                    /var/cache/fontconfig/1ac9eb803944fde146138c791f5cc56a-le64.cache-4
7f82800d0000-7f82800d4000 r--s 00000000 08:08 2100990                    /var/cache/fontconfig/385c0604a188198f04d133e54aba7fe7-le64.cache-4
7f82800d4000-7f82800d5000 r--s 00000000 08:08 2101017                    /var/cache/fontconfig/dc05db6664285cc2f12bf69c139ae4c3-le64.cache-4
7f82800d5000-7f82800d9000 r--s 00000000 08:08 2100991                    /var/cache/fontconfig/7b79abe4499501fcd4e4826394083a53-le64.cache-4
7f82800d9000-7f82800dc000 r--s 00000000 08:08 2100981                    /var/cache/fontconfig/3a9914ff62a69b32234685a84fdc926d-le64.cache-4
7f82800dc000-7f82800de000 r--s 00000000 08:08 2101000                    /var/cache/fontconfig/767a8244fc0220cfb567a839d0392e0b-le64.cache-4
7f82800de000-7f82800df000 r--s 00000000 08:08 2101022                    /var/cache/fontconfig/0b41ebd278d9388cf5d83f81d476c672-le64.cache-4
7f82800df000-7f82800e3000 r--s 00000000 08:08 2101008                    /var/cache/fontconfig/ea32c683f96734b73b6a7acf745d6442-le64.cache-4
7f82800e3000-7f82800e8000 r--s 00000000 08:08 2101003                    /var/cache/fontconfig/8801497958630a81b71ace7c5f9b32a8-le64.cache-4
7f82800e8000-7f82800e9000 r--s 00000000 08:08 2100995                    /var/cache/fontconfig/b036df7bbb72844893df6bcf5570ea7f-le64.cache-4
7f82800e9000-7f82800f0000 r--s 00000000 08:08 2100988                    /var/cache/fontconfig/3047814df9a2f067bd2d96a2b9c36e5a-le64.cache-4
7f82800f0000-7f82800f6000 r--s 00000000 08:08 2101009                    /var/cache/fontconfig/b47c4e1ecd0709278f4910c18777a504-le64.cache-4
7f82800f6000-7f82800f9000 ---p 00000000 00:00 0 
7f82800f9000-7f82801f7000 rw-p 00000000 00:00 0                          [stack:7147]
7f82801f7000-7f82801fa000 ---p 00000000 00:00 0 
7f82801fa000-7f82802f8000 rw-p 00000000 00:00 0                          [stack:7146]
7f82802f8000-7f82802fb000 ---p 00000000 00:00 0 
7f82802fb000-7f82803f9000 rw-p 00000000 00:00 0                          [stack:7145]
7f82803f9000-7f82807f8000 r--p 00000000 08:08 1052924                    /usr/lib/locale/locale-archive
7f82807f8000-7f82807fb000 ---p 00000000 00:00 0 
7f82807fb000-7f82808f9000 rw-p 00000000 00:00 0                          [stack:7144]
7f82808f9000-7f82808fc000 ---p 00000000 00:00 0 
7f82808fc000-7f82809fa000 rw-p 00000000 00:00 0                          [stack:7143]
7f82809fa000-7f82809fb000 ---p 00000000 00:00 0 
7f82809fb000-7f8281000000 rw-p 00000000 00:00 0                          [stack:7142]
7f8281000000-7f8281560000 rwxp 00000000 00:00 0 
7f8281560000-7f8290000000 ---p 00000000 00:00 0 
7f8290000000-7f8290524000 rw-p 00000000 00:00 0 
7f8290524000-7f8294000000 ---p 00000000 00:00 0 
7f8294000000-7f8294001000 r--s 00000000 08:08 2100984                    /var/cache/fontconfig/575107dd7452b4b2b2b1361909925bb4-le64.cache-4
7f8294001000-7f8294002000 r--s 00000000 08:08 2100994                    /var/cache/fontconfig/56cf4f4769d0f4abc89a4895d7bd3ae1-le64.cache-4
7f8294002000-7f8294004000 r--s 00000000 08:08 2100980                    /var/cache/fontconfig/12888573d3e05bfbe41d0040af4efeaa-le64.cache-4
7f8294004000-7f8294005000 r--s 00000000 08:08 2101010                    /var/cache/fontconfig/b9d506c9ac06c20b433354fa67a72993-le64.cache-4
7f8294005000-7f8294006000 r--s 00000000 08:08 2100998                    /var/cache/fontconfig/0b3f2427388044a01a5738fa4b8cc9d1-le64.cache-4
7f8294006000-7f8294007000 r--s 00000000 08:08 2102304                    /var/cache/fontconfig/0941b6d3777f1e64883d36fd6d84a52f-le64.cache-4
7f8294007000-7f829401a000 r--s 00000000 08:08 2101014                    /var/cache/fontconfig/d52a8644073d54c13679302ca1180695-le64.cache-4
7f829401a000-7f8294023000 r--s 00000000 08:08 2101021                    /var/cache/fontconfig/3f7329c5293ffd510edef78f73874cfd-le64.cache-4
7f8294023000-7f8294027000 r--s 00000000 08:08 2101015                    /var/cache/fontconfig/d589a48862398ed80a3d6066f4f56f4c-le64.cache-4
7f8294027000-7f829402c000 r--s 00000000 08:08 2102722                    /var/cache/fontconfig/b25010134a2e462c779c1c1d5ccbff7b-le64.cache-4
7f829402c000-7f8294039000 r--s 00000000 08:08 2102347                    /var/cache/fontconfig/e13b20fdb08344e0e664864cc2ede53d-le64.cache-4
7f8294039000-7f829403d000 r--s 00000000 08:08 2102769                    /var/cache/fontconfig/7ef2298fde41cc6eeb7af42e48b7d293-le64.cache-4
7f829403d000-7f82940c9000 r--s 00fea000 08:08 1328303                    /usr/lib/jvm/java-8-oracle/jre/lib/ext/jfxrt.jar
7f82940c9000-7f8294ad3000 rw-p 00000000 00:00 0 
7f8294ad3000-7f8294ca9000 r--s 03caa000 08:08 1192873                    /usr/lib/jvm/java-8-oracle/jre/lib/rt.jar
7f8294ca9000-7f82956ff000 rw-p 00000000 00:00 0 
7f82956ff000-7f8295700000 ---p 00000000 00:00 0 
7f8295700000-7f8295800000 rw-p 00000000 00:00 0                          [stack:7141]
7f8295800000-7f8295801000 ---p 00000000 00:00 0 
7f8295801000-7f8295901000 rw-p 00000000 00:00 0                          [stack:7140]
7f8295901000-7f8295902000 ---p 00000000 00:00 0 
7f8295902000-7f8295a02000 rw-p 00000000 00:00 0                          [stack:7139]
7f8295a02000-7f8295a03000 ---p 00000000 00:00 0 
7f8295a03000-7f8295b17000 rw-p 00000000 00:00 0                          [stack:7138]
7f8295b17000-7f8295c43000 ---p 00000000 00:00 0 
7f8295c43000-7f8295c57000 rw-p 00000000 00:00 0 
7f8295c57000-7f8295d83000 ---p 00000000 00:00 0 
7f8295d83000-7f8295d8d000 rw-p 00000000 00:00 0 
7f8295d8d000-7f8295e23000 ---p 00000000 00:00 0 
7f8295e23000-7f8295e3a000 rw-p 00000000 00:00 0 
7f8295e3a000-7f82961e4000 ---p 00000000 00:00 0 
7f82961e4000-7f82961fe000 r-xp 00000000 08:08 1329081                    /usr/lib/jvm/java-8-oracle/jre/lib/amd64/libzip.so
7f82961fe000-7f82963fe000 ---p 0001a000 08:08 1329081                    /usr/lib/jvm/java-8-oracle/jre/lib/amd64/libzip.so
7f82963fe000-7f82963ff000 rw-p 0001a000 08:08 1329081                    /usr/lib/jvm/java-8-oracle/jre/lib/amd64/libzip.so
7f82963ff000-7f829640a000 r-xp 00000000 08:08 262237                     /lib/x86_64-linux-gnu/libnss_files-2.19.so
7f829640a000-7f8296609000 ---p 0000b000 08:08 262237                     /lib/x86_64-linux-gnu/libnss_files-2.19.so
7f8296609000-7f829660a000 r--p 0000a000 08:08 262237                     /lib/x86_64-linux-gnu/libnss_files-2.19.so
7f829660a000-7f829660b000 rw-p 0000b000 08:08 262237                     /lib/x86_64-linux-gnu/libnss_files-2.19.so
7f829660b000-7f8296616000 r-xp 00000000 08:08 262244                     /lib/x86_64-linux-gnu/libnss_nis-2.19.so
7f8296616000-7f8296815000 ---p 0000b000 08:08 262244                     /lib/x86_64-linux-gnu/libnss_nis-2.19.so
7f8296815000-7f8296816000 r--p 0000a000 08:08 262244                     /lib/x86_64-linux-gnu/libnss_nis-2.19.so
7f8296816000-7f8296817000 rw-p 0000b000 08:08 262244                     /lib/x86_64-linux-gnu/libnss_nis-2.19.so
7f8296817000-7f829682e000 r-xp 00000000 08:08 262170                     /lib/x86_64-linux-gnu/libnsl-2.19.so
7f829682e000-7f8296a2d000 ---p 00017000 08:08 262170                     /lib/x86_64-linux-gnu/libnsl-2.19.so
7f8296a2d000-7f8296a2e000 r--p 00016000 08:08 262170                     /lib/x86_64-linux-gnu/libnsl-2.19.so
7f8296a2e000-7f8296a2f000 rw-p 00017000 08:08 262170                     /lib/x86_64-linux-gnu/libnsl-2.19.so
7f8296a2f000-7f8296a31000 rw-p 00000000 00:00 0 
7f8296a31000-7f8296a3a000 r-xp 00000000 08:08 262241                     /lib/x86_64-linux-gnu/libnss_compat-2.19.so
7f8296a3a000-7f8296c39000 ---p 00009000 08:08 262241                     /lib/x86_64-linux-gnu/libnss_compat-2.19.so
7f8296c39000-7f8296c3a000 r--p 00008000 08:08 262241                     /lib/x86_64-linux-gnu/libnss_compat-2.19.so
7f8296c3a000-7f8296c3b000 rw-p 00009000 08:08 262241                     /lib/x86_64-linux-gnu/libnss_compat-2.19.so
7f8296c3b000-7f8296c65000 r-xp 00000000 08:08 1329088                    /usr/lib/jvm/java-8-oracle/jre/lib/amd64/libjava.so
7f8296c65000-7f8296e65000 ---p 0002a000 08:08 1329088                    /usr/lib/jvm/java-8-oracle/jre/lib/amd64/libjava.so
7f8296e65000-7f8296e67000 rw-p 0002a000 08:08 1329088                    /usr/lib/jvm/java-8-oracle/jre/lib/amd64/libjava.so
7f8296e67000-7f8296e74000 r-xp 00000000 08:08 1329092                    /usr/lib/jvm/java-8-oracle/jre/lib/amd64/libverify.so
7f8296e74000-7f8297074000 ---p 0000d000 08:08 1329092                    /usr/lib/jvm/java-8-oracle/jre/lib/amd64/libverify.so
7f8297074000-7f8297076000 rw-p 0000d000 08:08 1329092                    /usr/lib/jvm/java-8-oracle/jre/lib/amd64/libverify.so
7f8297076000-7f829707d000 r-xp 00000000 08:08 262247                     /lib/x86_64-linux-gnu/librt-2.19.so
7f829707d000-7f829727c000 ---p 00007000 08:08 262247                     /lib/x86_64-linux-gnu/librt-2.19.so
7f829727c000-7f829727d000 r--p 00006000 08:08 262247                     /lib/x86_64-linux-gnu/librt-2.19.so
7f829727d000-7f829727e000 rw-p 00007000 08:08 262247                     /lib/x86_64-linux-gnu/librt-2.19.so
7f829727e000-7f8297383000 r-xp 00000000 08:08 262163                     /lib/x86_64-linux-gnu/libm-2.19.so
7f8297383000-7f8297582000 ---p 00105000 08:08 262163                     /lib/x86_64-linux-gnu/libm-2.19.so
7f8297582000-7f8297583000 r--p 00104000 08:08 262163                     /lib/x86_64-linux-gnu/libm-2.19.so
7f8297583000-7f8297584000 rw-p 00105000 08:08 262163                     /lib/x86_64-linux-gnu/libm-2.19.so
7f8297584000-7f82981f1000 r-xp 00000000 08:08 1329074                    /usr/lib/jvm/java-8-oracle/jre/lib/amd64/server/libjvm.so
7f82981f1000-7f82983f0000 ---p 00c6d000 08:08 1329074                    /usr/lib/jvm/java-8-oracle/jre/lib/amd64/server/libjvm.so
7f82983f0000-7f82984c6000 rw-p 00c6c000 08:08 1329074                    /usr/lib/jvm/java-8-oracle/jre/lib/amd64/server/libjvm.so
7f82984c6000-7f8298509000 rw-p 00000000 00:00 0 
7f8298509000-7f82986c4000 r-xp 00000000 08:08 262245                     /lib/x86_64-linux-gnu/libc-2.19.so
7f82986c4000-7f82988c4000 ---p 001bb000 08:08 262245                     /lib/x86_64-linux-gnu/libc-2.19.so
7f82988c4000-7f82988c8000 r--p 001bb000 08:08 262245                     /lib/x86_64-linux-gnu/libc-2.19.so
7f82988c8000-7f82988ca000 rw-p 001bf000 08:08 262245                     /lib/x86_64-linux-gnu/libc-2.19.so
7f82988ca000-7f82988cf000 rw-p 00000000 00:00 0 
7f82988cf000-7f82988d2000 r-xp 00000000 08:08 262239                     /lib/x86_64-linux-gnu/libdl-2.19.so
7f82988d2000-7f8298ad1000 ---p 00003000 08:08 262239                     /lib/x86_64-linux-gnu/libdl-2.19.so
7f8298ad1000-7f8298ad2000 r--p 00002000 08:08 262239                     /lib/x86_64-linux-gnu/libdl-2.19.so
7f8298ad2000-7f8298ad3000 rw-p 00003000 08:08 262239                     /lib/x86_64-linux-gnu/libdl-2.19.so
7f8298ad3000-7f8298ae8000 r-xp 00000000 08:08 1328345                    /usr/lib/jvm/java-8-oracle/jre/lib/amd64/jli/libjli.so
7f8298ae8000-7f8298ce7000 ---p 00015000 08:08 1328345                    /usr/lib/jvm/java-8-oracle/jre/lib/amd64/jli/libjli.so
7f8298ce7000-7f8298ce8000 rw-p 00014000 08:08 1328345                    /usr/lib/jvm/java-8-oracle/jre/lib/amd64/jli/libjli.so
7f8298ce8000-7f8298d01000 r-xp 00000000 08:08 262234                     /lib/x86_64-linux-gnu/libpthread-2.19.so
7f8298d01000-7f8298f00000 ---p 00019000 08:08 262234                     /lib/x86_64-linux-gnu/libpthread-2.19.so
7f8298f00000-7f8298f01000 r--p 00018000 08:08 262234                     /lib/x86_64-linux-gnu/libpthread-2.19.so
7f8298f01000-7f8298f02000 rw-p 00019000 08:08 262234                     /lib/x86_64-linux-gnu/libpthread-2.19.so
7f8298f02000-7f8298f06000 rw-p 00000000 00:00 0 
7f8298f06000-7f8298f29000 r-xp 00000000 08:08 262242                     /lib/x86_64-linux-gnu/ld-2.19.so
7f8298f29000-7f8298f2b000 r--s 00000000 08:08 2101002                    /var/cache/fontconfig/e8d703157d3641d20c7e900be2e8d091-le64.cache-4
7f8298f2b000-7f8298f33000 rw-s 00000000 00:04 383197                     /drm mm object (deleted)
7f8298f33000-7f8298f3b000 rw-s 00000000 00:04 382197                     /drm mm object (deleted)
7f8298f3b000-7f8298f43000 rw-s 00000000 00:04 382193                     /drm mm object (deleted)
7f8298f43000-7f8298f4b000 rw-s 00000000 00:04 384001                     /drm mm object (deleted)
7f8298f4b000-7f8299008000 rw-p 00000000 00:00 0 
7f8299008000-7f829900b000 ---p 00000000 00:00 0 
7f829900b000-7f829910d000 rw-p 00000000 00:00 0                          [stack:7137]
7f829910d000-7f829910f000 r--s 00000000 08:08 2101012                    /var/cache/fontconfig/6a6dfed4a7d1e4367ef225093de82110-le64.cache-4
7f829910f000-7f8299110000 r--s 00000000 08:08 2100982                    /var/cache/fontconfig/0c9eb80ebd1c36541ebe2852d3bb0c49-le64.cache-4
7f8299110000-7f8299111000 rw-s 00000000 00:04 382194                     /drm mm object (deleted)
7f8299111000-7f8299112000 rw-s 00000000 00:04 381950                     /drm mm object (deleted)
7f8299112000-7f829911a000 rw-s 00000000 00:04 381949                     /drm mm object (deleted)
7f829911a000-7f829911c000 r--s 0002d000 08:08 133704                     /home/menaka/Documents/Software Projects/Java/MovieClassy/out/artifacts/MovieClassy_jar/MovieClassy.jar
7f829911c000-7f8299124000 rw-s 00000000 08:08 1048756                    /tmp/hsperfdata_root/7136
7f8299124000-7f8299125000 rw-p 00000000 00:00 0 
7f8299125000-7f8299126000 r--p 00000000 00:00 0 
7f8299126000-7f8299128000 rw-p 00000000 00:00 0 
7f8299128000-7f8299129000 r--p 00022000 08:08 262242                     /lib/x86_64-linux-gnu/ld-2.19.so
7f8299129000-7f829912a000 rw-p 00023000 08:08 262242                     /lib/x86_64-linux-gnu/ld-2.19.so
7f829912a000-7f829912b000 rw-p 00000000 00:00 0 
7fff21e22000-7fff21e43000 rw-p 00000000 00:00 0                          [stack]
7fff21fc7000-7fff21fc9000 r-xp 00000000 00:00 0                          [vdso]
ffffffffff600000-ffffffffff601000 r-xp 00000000 00:00 0                  [vsyscall]

VM Arguments:
java_command: MovieClassy.jar
java_class_path (initial): MovieClassy.jar
Launcher Type: SUN_STANDARD

Environment Variables:
PATH=/usr/local/sbin:/usr/local/bin:/usr/sbin:/usr/bin:/sbin:/bin
USERNAME=root
SHELL=/bin/bash
DISPLAY=:0

Signal Handlers:
SIGSEGV: [libjvm.so+0xa79a80], sa_mask[0]=11111111011111111101111111111110, sa_flags=SA_RESTART|SA_SIGINFO
SIGBUS: [libjvm.so+0xa79a80], sa_mask[0]=11111111011111111101111111111110, sa_flags=SA_RESTART|SA_SIGINFO
SIGFPE: [libjvm.so+0x8e24e0], sa_mask[0]=11111111011111111101111111111110, sa_flags=SA_RESTART|SA_SIGINFO
SIGPIPE: SIG_IGN, sa_mask[0]=00000000000010000000000000000000, sa_flags=SA_RESTART
SIGXFSZ: [libjvm.so+0x8e24e0], sa_mask[0]=11111111011111111101111111111110, sa_flags=SA_RESTART|SA_SIGINFO
SIGILL: [libjvm.so+0x8e24e0], sa_mask[0]=11111111011111111101111111111110, sa_flags=SA_RESTART|SA_SIGINFO
SIGUSR1: SIG_DFL, sa_mask[0]=00000000000000000000000000000000, sa_flags=none
SIGUSR2: [libjvm.so+0x8e3d10], sa_mask[0]=00000000000000000000000000000000, sa_flags=SA_RESTART|SA_SIGINFO
SIGHUP: [libjvm.so+0x8e50d0], sa_mask[0]=11111111011111111101111111111110, sa_flags=SA_RESTART|SA_SIGINFO
SIGINT: [libjvm.so+0x8e50d0], sa_mask[0]=11111111011111111101111111111110, sa_flags=SA_RESTART|SA_SIGINFO
SIGTERM: [libjvm.so+0x8e50d0], sa_mask[0]=11111111011111111101111111111110, sa_flags=SA_RESTART|SA_SIGINFO
SIGQUIT: [libjvm.so+0x8e50d0], sa_mask[0]=11111111011111111101111111111110, sa_flags=SA_RESTART|SA_SIGINFO


---------------  S Y S T E M  ---------------

OS:DISTRIB_ID="elementary OS"
DISTRIB_RELEASE=0.3
DISTRIB_CODENAME=freya
DISTRIB_DESCRIPTION="elementary OS Freya"

uname:Linux 3.13.0-43-generic #72-Ubuntu SMP Mon Dec 8 19:35:06 UTC 2014 x86_64
libc:glibc 2.19 NPTL 2.19 
rlimit: STACK 8192k, CORE 0k, NPROC 30466, NOFILE 4096, AS infinity
load average:7.59 3.02 1.73

/proc/meminfo:
MemTotal:        3929120 kB
MemFree:         1724704 kB
Buffers:           39988 kB
Cached:          1169568 kB
SwapCached:            0 kB
Active:          1252372 kB
Inactive:         796024 kB
Active(anon):     840524 kB
Inactive(anon):   215316 kB
Active(file):     411848 kB
Inactive(file):   580708 kB
Unevictable:          32 kB
Mlocked:              32 kB
SwapTotal:             0 kB
SwapFree:              0 kB
Dirty:              3732 kB
Writeback:             0 kB
AnonPages:        838944 kB
Mapped:           111712 kB
Shmem:            217000 kB
Slab:              71572 kB
SReclaimable:      41652 kB
SUnreclaim:        29920 kB
KernelStack:        3688 kB
PageTables:        24524 kB
NFS_Unstable:          0 kB
Bounce:                0 kB
WritebackTmp:          0 kB
CommitLimit:     1964560 kB
Committed_AS:    3359808 kB
VmallocTotal:   34359738367 kB
VmallocUsed:      347140 kB
VmallocChunk:   34359357820 kB
HardwareCorrupted:     0 kB
AnonHugePages:    413696 kB
HugePages_Total:       0
HugePages_Free:        0
HugePages_Rsvd:        0
HugePages_Surp:        0
Hugepagesize:       2048 kB
DirectMap4k:      120688 kB
DirectMap2M:     2906112 kB
DirectMap1G:     1048576 kB


CPU:total 4 (2 cores per cpu, 2 threads per core) family 6 model 69 stepping 1, cmov, cx8, fxsr, mmx, sse, sse2, sse3, ssse3, sse4.1, sse4.2, popcnt, avx, avx2, aes, clmul, erms, lzcnt, ht, tsc, tscinvbit, bmi1, bmi2

/proc/cpuinfo:
processor	: 0
vendor_id	: GenuineIntel
cpu family	: 6
model		: 69
model name	: Intel(R) Core(TM) i5-4200U CPU @ 1.60GHz
stepping	: 1
microcode	: 0x10
cpu MHz		: 1600.000
cache size	: 3072 KB
physical id	: 0
siblings	: 4
core id		: 0
cpu cores	: 2
apicid		: 0
initial apicid	: 0
fpu		: yes
fpu_exception	: yes
cpuid level	: 13
wp		: yes
flags		: fpu vme de pse tsc msr pae mce cx8 apic sep mtrr pge mca cmov pat pse36 clflush dts acpi mmx fxsr sse sse2 ss ht tm pbe syscall nx pdpe1gb rdtscp lm constant_tsc arch_perfmon pebs bts rep_good nopl xtopology nonstop_tsc aperfmperf eagerfpu pni pclmulqdq dtes64 monitor ds_cpl vmx est tm2 ssse3 fma cx16 xtpr pdcm pcid sse4_1 sse4_2 movbe popcnt tsc_deadline_timer aes xsave avx f16c rdrand lahf_lm abm ida arat epb xsaveopt pln pts dtherm tpr_shadow vnmi flexpriority ept vpid fsgsbase tsc_adjust bmi1 avx2 smep bmi2 erms invpcid
bogomips	: 4589.37
clflush size	: 64
cache_alignment	: 64
address sizes	: 39 bits physical, 48 bits virtual
power management:

processor	: 1
vendor_id	: GenuineIntel
cpu family	: 6
model		: 69
model name	: Intel(R) Core(TM) i5-4200U CPU @ 1.60GHz
stepping	: 1
microcode	: 0x10
cpu MHz		: 759.000
cache size	: 3072 KB
physical id	: 0
siblings	: 4
core id		: 1
cpu cores	: 2
apicid		: 2
initial apicid	: 2
fpu		: yes
fpu_exception	: yes
cpuid level	: 13
wp		: yes
flags		: fpu vme de pse tsc msr pae mce cx8 apic sep mtrr pge mca cmov pat pse36 clflush dts acpi mmx fxsr sse sse2 ss ht tm pbe syscall nx pdpe1gb rdtscp lm constant_tsc arch_perfmon pebs bts rep_good nopl xtopology nonstop_tsc aperfmperf eagerfpu pni pclmulqdq dtes64 monitor ds_cpl vmx est tm2 ssse3 fma cx16 xtpr pdcm pcid sse4_1 sse4_2 movbe popcnt tsc_deadline_timer aes xsave avx f16c rdrand lahf_lm abm ida arat epb xsaveopt pln pts dtherm tpr_shadow vnmi flexpriority ept vpid fsgsbase tsc_adjust bmi1 avx2 smep bmi2 erms invpcid
bogomips	: 4589.37
clflush size	: 64
cache_alignment	: 64
address sizes	: 39 bits physical, 48 bits virtual
power management:

processor	: 2
vendor_id	: GenuineIntel
cpu family	: 6
model		: 69
model name	: Intel(R) Core(TM) i5-4200U CPU @ 1.60GHz
stepping	: 1
microcode	: 0x10
cpu MHz		: 759.000
cache size	: 3072 KB
physical id	: 0
siblings	: 4
core id		: 0
cpu cores	: 2
apicid		: 1
initial apicid	: 1
fpu		: yes
fpu_exception	: yes
cpuid level	: 13
wp		: yes
flags		: fpu vme de pse tsc msr pae mce cx8 apic sep mtrr pge mca cmov pat pse36 clflush dts acpi mmx fxsr sse sse2 ss ht tm pbe syscall nx pdpe1gb rdtscp lm constant_tsc arch_perfmon pebs bts rep_good nopl xtopology nonstop_tsc aperfmperf eagerfpu pni pclmulqdq dtes64 monitor ds_cpl vmx est tm2 ssse3 fma cx16 xtpr pdcm pcid sse4_1 sse4_2 movbe popcnt tsc_deadline_timer aes xsave avx f16c rdrand lahf_lm abm ida arat epb xsaveopt pln pts dtherm tpr_shadow vnmi flexpriority ept vpid fsgsbase tsc_adjust bmi1 avx2 smep bmi2 erms invpcid
bogomips	: 4589.37
clflush size	: 64
cache_alignment	: 64
address sizes	: 39 bits physical, 48 bits virtual
power management:

processor	: 3
vendor_id	: GenuineIntel
cpu family	: 6
model		: 69
model name	: Intel(R) Core(TM) i5-4200U CPU @ 1.60GHz
stepping	: 1
microcode	: 0x10
cpu MHz		: 759.000
cache size	: 3072 KB
physical id	: 0
siblings	: 4
core id		: 1
cpu cores	: 2
apicid		: 3
initial apicid	: 3
fpu		: yes
fpu_exception	: yes
cpuid level	: 13
wp		: yes
flags		: fpu vme de pse tsc msr pae mce cx8 apic sep mtrr pge mca cmov pat pse36 clflush dts acpi mmx fxsr sse sse2 ss ht tm pbe syscall nx pdpe1gb rdtscp lm constant_tsc arch_perfmon pebs bts rep_good nopl xtopology nonstop_tsc aperfmperf eagerfpu pni pclmulqdq dtes64 monitor ds_cpl vmx est tm2 ssse3 fma cx16 xtpr pdcm pcid sse4_1 sse4_2 movbe popcnt tsc_deadline_timer aes xsave avx f16c rdrand lahf_lm abm ida arat epb xsaveopt pln pts dtherm tpr_shadow vnmi flexpriority ept vpid fsgsbase tsc_adjust bmi1 avx2 smep bmi2 erms invpcid
bogomips	: 4589.37
clflush size	: 64
cache_alignment	: 64
address sizes	: 39 bits physical, 48 bits virtual
power management:



Memory: 4k page, physical 3929120k(1724704k free), swap 0k(0k free)

vm_info: Java HotSpot(TM) 64-Bit Server VM (25.25-b02) for linux-amd64 JRE (1.8.0_25-b17), built on Sep 17 2014 17:32:11 by "java_re" with gcc 4.3.0 20080428 (Red Hat 4.3.0-8)

time: Wed Dec 17 23:06:58 2014
elapsed time: 9 seconds (0d 0h 0m 9s)

